============================= test session starts =============================
platform win32 -- Python 3.11.13, pytest-8.4.1, pluggy-1.6.0
rootdir: D:\project\claudewarp
configfile: pytest.ini
plugins: cov-6.2.1, mock-3.14.1
collected 226 items

tests\test_cli.py EEEEEEEEEEEEEEEEEEEEEEEEEEEEEEEEEEEEEEE...EF.FF..FFF.. [ 23%]
.FFFEEEEEEEEEEEEEEEEEEEEEEEEEEEEEEEEEEEEEEEEEE                           [ 44%]
tests\test_config.py ........F.......FEEEEEEEEFEE                        [ 56%]
tests\test_integration.py EFEEEFFss.s.EEE                                [ 63%]
tests\test_manager.py FFEEEEEEEEEEEEEEEEEEEEEEEEEEEEEEEEEEEEEEEEEEEEFFF. [ 85%]
EEEEEE                                                                   [ 88%]
tests\test_models.py FF...FFFFFF...F............                         [100%]

=================================== ERRORS ====================================
____ ERROR at setup of TestAddCommand.test_add_command_interactive_success ____
file D:\project\claudewarp\tests\test_cli.py, line 88
      def test_add_command_interactive_success(self, runner):
E       fixture 'runner' not found
>       available fixtures: cache, capfd, capfdbinary, caplog, capsys, capsysbinary, capteesys, class_mocker, cov, doctest_namespace, mocker, module_mocker, monkeypatch, no_cover, package_mocker, pytestconfig, record_property, record_testsuite_property, record_xml_attribute, recwarn, sample_config, sample_proxy, session_mocker, temp_config_manager, temp_dir, temp_proxy_manager, tmp_path, tmp_path_factory, tmpdir, tmpdir_factory
>       use 'pytest --fixtures [testpath]' for help on them.

D:\project\claudewarp\tests\test_cli.py:88
__ ERROR at setup of TestAddCommand.test_add_command_non_interactive_success __
file D:\project\claudewarp\tests\test_cli.py, line 109
      def test_add_command_non_interactive_success(self, runner):
E       fixture 'runner' not found
>       available fixtures: cache, capfd, capfdbinary, caplog, capsys, capsysbinary, capteesys, class_mocker, cov, doctest_namespace, mocker, module_mocker, monkeypatch, no_cover, package_mocker, pytestconfig, record_property, record_testsuite_property, record_xml_attribute, recwarn, sample_config, sample_proxy, session_mocker, temp_config_manager, temp_dir, temp_proxy_manager, tmp_path, tmp_path_factory, tmpdir, tmpdir_factory
>       use 'pytest --fixtures [testpath]' for help on them.

D:\project\claudewarp\tests\test_cli.py:109
___ ERROR at setup of TestAddCommand.test_add_command_missing_required_args ___
file D:\project\claudewarp\tests\test_cli.py, line 136
      def test_add_command_missing_required_args(self, runner):
E       fixture 'runner' not found
>       available fixtures: cache, capfd, capfdbinary, caplog, capsys, capsysbinary, capteesys, class_mocker, cov, doctest_namespace, mocker, module_mocker, monkeypatch, no_cover, package_mocker, pytestconfig, record_property, record_testsuite_property, record_xml_attribute, recwarn, sample_config, sample_proxy, session_mocker, temp_config_manager, temp_dir, temp_proxy_manager, tmp_path, tmp_path_factory, tmpdir, tmpdir_factory
>       use 'pytest --fixtures [testpath]' for help on them.

D:\project\claudewarp\tests\test_cli.py:136
______ ERROR at setup of TestAddCommand.test_add_command_duplicate_proxy ______
file D:\project\claudewarp\tests\test_cli.py, line 150
      def test_add_command_duplicate_proxy(self, runner):
E       fixture 'runner' not found
>       available fixtures: cache, capfd, capfdbinary, caplog, capsys, capsysbinary, capteesys, class_mocker, cov, doctest_namespace, mocker, module_mocker, monkeypatch, no_cover, package_mocker, pytestconfig, record_property, record_testsuite_property, record_xml_attribute, recwarn, sample_config, sample_proxy, session_mocker, temp_config_manager, temp_dir, temp_proxy_manager, tmp_path, tmp_path_factory, tmpdir, tmpdir_factory
>       use 'pytest --fixtures [testpath]' for help on them.

D:\project\claudewarp\tests\test_cli.py:150
_____ ERROR at setup of TestAddCommand.test_add_command_validation_error ______
file D:\project\claudewarp\tests\test_cli.py, line 174
      def test_add_command_validation_error(self, runner):
E       fixture 'runner' not found
>       available fixtures: cache, capfd, capfdbinary, caplog, capsys, capsysbinary, capteesys, class_mocker, cov, doctest_namespace, mocker, module_mocker, monkeypatch, no_cover, package_mocker, pytestconfig, record_property, record_testsuite_property, record_xml_attribute, recwarn, sample_config, sample_proxy, session_mocker, temp_config_manager, temp_dir, temp_proxy_manager, tmp_path, tmp_path_factory, tmpdir, tmpdir_factory
>       use 'pytest --fixtures [testpath]' for help on them.

D:\project\claudewarp\tests\test_cli.py:174
______ ERROR at setup of TestListCommand.test_list_command_with_proxies _______
file D:\project\claudewarp\tests\test_cli.py, line 201
      def test_list_command_with_proxies(self, runner, mock_manager_with_proxy):
E       fixture 'runner' not found
>       available fixtures: cache, capfd, capfdbinary, caplog, capsys, capsysbinary, capteesys, class_mocker, cov, doctest_namespace, mocker, module_mocker, monkeypatch, no_cover, package_mocker, pytestconfig, record_property, record_testsuite_property, record_xml_attribute, recwarn, sample_config, sample_proxy, session_mocker, temp_config_manager, temp_dir, temp_proxy_manager, tmp_path, tmp_path_factory, tmpdir, tmpdir_factory
>       use 'pytest --fixtures [testpath]' for help on them.

D:\project\claudewarp\tests\test_cli.py:201
__________ ERROR at setup of TestListCommand.test_list_command_empty __________
file D:\project\claudewarp\tests\test_cli.py, line 212
      def test_list_command_empty(self, runner):
E       fixture 'runner' not found
>       available fixtures: cache, capfd, capfdbinary, caplog, capsys, capsysbinary, capteesys, class_mocker, cov, doctest_namespace, mocker, module_mocker, monkeypatch, no_cover, package_mocker, pytestconfig, record_property, record_testsuite_property, record_xml_attribute, recwarn, sample_config, sample_proxy, session_mocker, temp_config_manager, temp_dir, temp_proxy_manager, tmp_path, tmp_path_factory, tmpdir, tmpdir_factory
>       use 'pytest --fixtures [testpath]' for help on them.

D:\project\claudewarp\tests\test_cli.py:212
_______ ERROR at setup of TestListCommand.test_list_command_json_format _______
file D:\project\claudewarp\tests\test_cli.py, line 224
      def test_list_command_json_format(self, runner, mock_manager_with_proxy):
E       fixture 'runner' not found
>       available fixtures: cache, capfd, capfdbinary, caplog, capsys, capsysbinary, capteesys, class_mocker, cov, doctest_namespace, mocker, module_mocker, monkeypatch, no_cover, package_mocker, pytestconfig, record_property, record_testsuite_property, record_xml_attribute, recwarn, sample_config, sample_proxy, session_mocker, temp_config_manager, temp_dir, temp_proxy_manager, tmp_path, tmp_path_factory, tmpdir, tmpdir_factory
>       use 'pytest --fixtures [testpath]' for help on them.

D:\project\claudewarp\tests\test_cli.py:224
______ ERROR at setup of TestListCommand.test_list_command_simple_format ______
file D:\project\claudewarp\tests\test_cli.py, line 235
      def test_list_command_simple_format(self, runner, mock_manager_with_proxy):
E       fixture 'runner' not found
>       available fixtures: cache, capfd, capfdbinary, caplog, capsys, capsysbinary, capteesys, class_mocker, cov, doctest_namespace, mocker, module_mocker, monkeypatch, no_cover, package_mocker, pytestconfig, record_property, record_testsuite_property, record_xml_attribute, recwarn, sample_config, sample_proxy, session_mocker, temp_config_manager, temp_dir, temp_proxy_manager, tmp_path, tmp_path_factory, tmpdir, tmpdir_factory
>       use 'pytest --fixtures [testpath]' for help on them.

D:\project\claudewarp\tests\test_cli.py:235
_________ ERROR at setup of TestListCommand.test_list_command_search __________
file D:\project\claudewarp\tests\test_cli.py, line 245
      def test_list_command_search(self, runner):
E       fixture 'runner' not found
>       available fixtures: cache, capfd, capfdbinary, caplog, capsys, capsysbinary, capteesys, class_mocker, cov, doctest_namespace, mocker, module_mocker, monkeypatch, no_cover, package_mocker, pytestconfig, record_property, record_testsuite_property, record_xml_attribute, recwarn, sample_config, sample_proxy, session_mocker, temp_config_manager, temp_dir, temp_proxy_manager, tmp_path, tmp_path_factory, tmpdir, tmpdir_factory
>       use 'pytest --fixtures [testpath]' for help on them.

D:\project\claudewarp\tests\test_cli.py:245
__________ ERROR at setup of TestUseCommand.test_use_command_success __________
file D:\project\claudewarp\tests\test_cli.py, line 261
      def test_use_command_success(self, runner, mock_manager_with_proxy):
E       fixture 'runner' not found
>       available fixtures: cache, capfd, capfdbinary, caplog, capsys, capsysbinary, capteesys, class_mocker, cov, doctest_namespace, mocker, module_mocker, monkeypatch, no_cover, package_mocker, pytestconfig, record_property, record_testsuite_property, record_xml_attribute, recwarn, sample_config, sample_proxy, session_mocker, temp_config_manager, temp_dir, temp_proxy_manager, tmp_path, tmp_path_factory, tmpdir, tmpdir_factory
>       use 'pytest --fixtures [testpath]' for help on them.

D:\project\claudewarp\tests\test_cli.py:261
______ ERROR at setup of TestUseCommand.test_use_command_proxy_not_found ______
file D:\project\claudewarp\tests\test_cli.py, line 271
      def test_use_command_proxy_not_found(self, runner):
E       fixture 'runner' not found
>       available fixtures: cache, capfd, capfdbinary, caplog, capsys, capsysbinary, capteesys, class_mocker, cov, doctest_namespace, mocker, module_mocker, monkeypatch, no_cover, package_mocker, pytestconfig, record_property, record_testsuite_property, record_xml_attribute, recwarn, sample_config, sample_proxy, session_mocker, temp_config_manager, temp_dir, temp_proxy_manager, tmp_path, tmp_path_factory, tmpdir, tmpdir_factory
>       use 'pytest --fixtures [testpath]' for help on them.

D:\project\claudewarp\tests\test_cli.py:271
______ ERROR at setup of TestUseCommand.test_use_command_inactive_proxy _______
file D:\project\claudewarp\tests\test_cli.py, line 283
      def test_use_command_inactive_proxy(self, runner):
E       fixture 'runner' not found
>       available fixtures: cache, capfd, capfdbinary, caplog, capsys, capsysbinary, capteesys, class_mocker, cov, doctest_namespace, mocker, module_mocker, monkeypatch, no_cover, package_mocker, pytestconfig, record_property, record_testsuite_property, record_xml_attribute, recwarn, sample_config, sample_proxy, session_mocker, temp_config_manager, temp_dir, temp_proxy_manager, tmp_path, tmp_path_factory, tmpdir, tmpdir_factory
>       use 'pytest --fixtures [testpath]' for help on them.

D:\project\claudewarp\tests\test_cli.py:283
____ ERROR at setup of TestCurrentCommand.test_current_command_with_proxy _____
file D:\project\claudewarp\tests\test_cli.py, line 309
      def test_current_command_with_proxy(self, runner, mock_manager_with_proxy):
E       fixture 'runner' not found
>       available fixtures: cache, capfd, capfdbinary, caplog, capsys, capsysbinary, capteesys, class_mocker, cov, doctest_namespace, mocker, module_mocker, monkeypatch, no_cover, package_mocker, pytestconfig, record_property, record_testsuite_property, record_xml_attribute, recwarn, sample_config, sample_proxy, session_mocker, temp_config_manager, temp_dir, temp_proxy_manager, tmp_path, tmp_path_factory, tmpdir, tmpdir_factory
>       use 'pytest --fixtures [testpath]' for help on them.

D:\project\claudewarp\tests\test_cli.py:309
_____ ERROR at setup of TestCurrentCommand.test_current_command_no_proxy ______
file D:\project\claudewarp\tests\test_cli.py, line 320
      def test_current_command_no_proxy(self, runner):
E       fixture 'runner' not found
>       available fixtures: cache, capfd, capfdbinary, caplog, capsys, capsysbinary, capteesys, class_mocker, cov, doctest_namespace, mocker, module_mocker, monkeypatch, no_cover, package_mocker, pytestconfig, record_property, record_testsuite_property, record_xml_attribute, recwarn, sample_config, sample_proxy, session_mocker, temp_config_manager, temp_dir, temp_proxy_manager, tmp_path, tmp_path_factory, tmpdir, tmpdir_factory
>       use 'pytest --fixtures [testpath]' for help on them.

D:\project\claudewarp\tests\test_cli.py:320
_______ ERROR at setup of TestRemoveCommand.test_remove_command_success _______
file D:\project\claudewarp\tests\test_cli.py, line 337
      def test_remove_command_success(self, runner, mock_manager_with_proxy):
E       fixture 'runner' not found
>       available fixtures: cache, capfd, capfdbinary, caplog, capsys, capsysbinary, capteesys, class_mocker, cov, doctest_namespace, mocker, module_mocker, monkeypatch, no_cover, package_mocker, pytestconfig, record_property, record_testsuite_property, record_xml_attribute, recwarn, sample_config, sample_proxy, session_mocker, temp_config_manager, temp_dir, temp_proxy_manager, tmp_path, tmp_path_factory, tmpdir, tmpdir_factory
>       use 'pytest --fixtures [testpath]' for help on them.

D:\project\claudewarp\tests\test_cli.py:337
______ ERROR at setup of TestRemoveCommand.test_remove_command_cancelled ______
file D:\project\claudewarp\tests\test_cli.py, line 348
      def test_remove_command_cancelled(self, runner, mock_manager_with_proxy):
E       fixture 'runner' not found
>       available fixtures: cache, capfd, capfdbinary, caplog, capsys, capsysbinary, capteesys, class_mocker, cov, doctest_namespace, mocker, module_mocker, monkeypatch, no_cover, package_mocker, pytestconfig, record_property, record_testsuite_property, record_xml_attribute, recwarn, sample_config, sample_proxy, session_mocker, temp_config_manager, temp_dir, temp_proxy_manager, tmp_path, tmp_path_factory, tmpdir, tmpdir_factory
>       use 'pytest --fixtures [testpath]' for help on them.

D:\project\claudewarp\tests\test_cli.py:348
________ ERROR at setup of TestRemoveCommand.test_remove_command_force ________
file D:\project\claudewarp\tests\test_cli.py, line 360
      def test_remove_command_force(self, runner, mock_manager_with_proxy):
E       fixture 'runner' not found
>       available fixtures: cache, capfd, capfdbinary, caplog, capsys, capsysbinary, capteesys, class_mocker, cov, doctest_namespace, mocker, module_mocker, monkeypatch, no_cover, package_mocker, pytestconfig, record_property, record_testsuite_property, record_xml_attribute, recwarn, sample_config, sample_proxy, session_mocker, temp_config_manager, temp_dir, temp_proxy_manager, tmp_path, tmp_path_factory, tmpdir, tmpdir_factory
>       use 'pytest --fixtures [testpath]' for help on them.

D:\project\claudewarp\tests\test_cli.py:360
___ ERROR at setup of TestRemoveCommand.test_remove_command_proxy_not_found ___
file D:\project\claudewarp\tests\test_cli.py, line 370
      def test_remove_command_proxy_not_found(self, runner):
E       fixture 'runner' not found
>       available fixtures: cache, capfd, capfdbinary, caplog, capsys, capsysbinary, capteesys, class_mocker, cov, doctest_namespace, mocker, module_mocker, monkeypatch, no_cover, package_mocker, pytestconfig, record_property, record_testsuite_property, record_xml_attribute, recwarn, sample_config, sample_proxy, session_mocker, temp_config_manager, temp_dir, temp_proxy_manager, tmp_path, tmp_path_factory, tmpdir, tmpdir_factory
>       use 'pytest --fixtures [testpath]' for help on them.

D:\project\claudewarp\tests\test_cli.py:370
________ ERROR at setup of TestExportCommand.test_export_command_bash _________
file D:\project\claudewarp\tests\test_cli.py, line 386
      def test_export_command_bash(self, runner, mock_manager_with_proxy):
E       fixture 'runner' not found
>       available fixtures: cache, capfd, capfdbinary, caplog, capsys, capsysbinary, capteesys, class_mocker, cov, doctest_namespace, mocker, module_mocker, monkeypatch, no_cover, package_mocker, pytestconfig, record_property, record_testsuite_property, record_xml_attribute, recwarn, sample_config, sample_proxy, session_mocker, temp_config_manager, temp_dir, temp_proxy_manager, tmp_path, tmp_path_factory, tmpdir, tmpdir_factory
>       use 'pytest --fixtures [testpath]' for help on them.

D:\project\claudewarp\tests\test_cli.py:386
________ ERROR at setup of TestExportCommand.test_export_command_fish _________
file D:\project\claudewarp\tests\test_cli.py, line 402
      def test_export_command_fish(self, runner, mock_manager_with_proxy):
E       fixture 'runner' not found
>       available fixtures: cache, capfd, capfdbinary, caplog, capsys, capsysbinary, capteesys, class_mocker, cov, doctest_namespace, mocker, module_mocker, monkeypatch, no_cover, package_mocker, pytestconfig, record_property, record_testsuite_property, record_xml_attribute, recwarn, sample_config, sample_proxy, session_mocker, temp_config_manager, temp_dir, temp_proxy_manager, tmp_path, tmp_path_factory, tmpdir, tmpdir_factory
>       use 'pytest --fixtures [testpath]' for help on them.

D:\project\claudewarp\tests\test_cli.py:402
_____ ERROR at setup of TestExportCommand.test_export_command_powershell ______
file D:\project\claudewarp\tests\test_cli.py, line 418
      def test_export_command_powershell(self, runner, mock_manager_with_proxy):
E       fixture 'runner' not found
>       available fixtures: cache, capfd, capfdbinary, caplog, capsys, capsysbinary, capteesys, class_mocker, cov, doctest_namespace, mocker, module_mocker, monkeypatch, no_cover, package_mocker, pytestconfig, record_property, record_testsuite_property, record_xml_attribute, recwarn, sample_config, sample_proxy, session_mocker, temp_config_manager, temp_dir, temp_proxy_manager, tmp_path, tmp_path_factory, tmpdir, tmpdir_factory
>       use 'pytest --fixtures [testpath]' for help on them.

D:\project\claudewarp\tests\test_cli.py:418
_____ ERROR at setup of TestExportCommand.test_export_command_no_comments _____
file D:\project\claudewarp\tests\test_cli.py, line 434
      def test_export_command_no_comments(self, runner, mock_manager_with_proxy):
E       fixture 'runner' not found
>       available fixtures: cache, capfd, capfdbinary, caplog, capsys, capsysbinary, capteesys, class_mocker, cov, doctest_namespace, mocker, module_mocker, monkeypatch, no_cover, package_mocker, pytestconfig, record_property, record_testsuite_property, record_xml_attribute, recwarn, sample_config, sample_proxy, session_mocker, temp_config_manager, temp_dir, temp_proxy_manager, tmp_path, tmp_path_factory, tmpdir, tmpdir_factory
>       use 'pytest --fixtures [testpath]' for help on them.

D:\project\claudewarp\tests\test_cli.py:434
____ ERROR at setup of TestExportCommand.test_export_command_custom_prefix ____
file D:\project\claudewarp\tests\test_cli.py, line 449
      def test_export_command_custom_prefix(self, runner, mock_manager_with_proxy):
E       fixture 'runner' not found
>       available fixtures: cache, capfd, capfdbinary, caplog, capsys, capsysbinary, capteesys, class_mocker, cov, doctest_namespace, mocker, module_mocker, monkeypatch, no_cover, package_mocker, pytestconfig, record_property, record_testsuite_property, record_xml_attribute, recwarn, sample_config, sample_proxy, session_mocker, temp_config_manager, temp_dir, temp_proxy_manager, tmp_path, tmp_path_factory, tmpdir, tmpdir_factory
>       use 'pytest --fixtures [testpath]' for help on them.

D:\project\claudewarp\tests\test_cli.py:449
_______ ERROR at setup of TestExportCommand.test_export_command_to_file _______
file D:\project\claudewarp\tests\test_cli.py, line 464
      def test_export_command_to_file(self, runner, mock_manager_with_proxy):
E       fixture 'runner' not found
>       available fixtures: cache, capfd, capfdbinary, caplog, capsys, capsysbinary, capteesys, class_mocker, cov, doctest_namespace, mocker, module_mocker, monkeypatch, no_cover, package_mocker, pytestconfig, record_property, record_testsuite_property, record_xml_attribute, recwarn, sample_config, sample_proxy, session_mocker, temp_config_manager, temp_dir, temp_proxy_manager, tmp_path, tmp_path_factory, tmpdir, tmpdir_factory
>       use 'pytest --fixtures [testpath]' for help on them.

D:\project\claudewarp\tests\test_cli.py:464
__ ERROR at setup of TestExportCommand.test_export_command_no_current_proxy ___
file D:\project\claudewarp\tests\test_cli.py, line 490
      def test_export_command_no_current_proxy(self, runner):
E       fixture 'runner' not found
>       available fixtures: cache, capfd, capfdbinary, caplog, capsys, capsysbinary, capteesys, class_mocker, cov, doctest_namespace, mocker, module_mocker, monkeypatch, no_cover, package_mocker, pytestconfig, record_property, record_testsuite_property, record_xml_attribute, recwarn, sample_config, sample_proxy, session_mocker, temp_config_manager, temp_dir, temp_proxy_manager, tmp_path, tmp_path_factory, tmpdir, tmpdir_factory
>       use 'pytest --fixtures [testpath]' for help on them.

D:\project\claudewarp\tests\test_cli.py:490
______ ERROR at setup of TestInfoCommand.test_info_command_proxy_details ______
file D:\project\claudewarp\tests\test_cli.py, line 506
      def test_info_command_proxy_details(self, runner, mock_manager_with_proxy):
E       fixture 'runner' not found
>       available fixtures: cache, capfd, capfdbinary, caplog, capsys, capsysbinary, capteesys, class_mocker, cov, doctest_namespace, mocker, module_mocker, monkeypatch, no_cover, package_mocker, pytestconfig, record_property, record_testsuite_property, record_xml_attribute, recwarn, sample_config, sample_proxy, session_mocker, temp_config_manager, temp_dir, temp_proxy_manager, tmp_path, tmp_path_factory, tmpdir, tmpdir_factory
>       use 'pytest --fixtures [testpath]' for help on them.

D:\project\claudewarp\tests\test_cli.py:506
_______ ERROR at setup of TestInfoCommand.test_info_command_statistics ________
file D:\project\claudewarp\tests\test_cli.py, line 519
      def test_info_command_statistics(self, runner, mock_manager_with_proxy):
E       fixture 'runner' not found
>       available fixtures: cache, capfd, capfdbinary, caplog, capsys, capsysbinary, capteesys, class_mocker, cov, doctest_namespace, mocker, module_mocker, monkeypatch, no_cover, package_mocker, pytestconfig, record_property, record_testsuite_property, record_xml_attribute, recwarn, sample_config, sample_proxy, session_mocker, temp_config_manager, temp_dir, temp_proxy_manager, tmp_path, tmp_path_factory, tmpdir, tmpdir_factory
>       use 'pytest --fixtures [testpath]' for help on them.

D:\project\claudewarp\tests\test_cli.py:519
_________ ERROR at setup of TestEditCommand.test_edit_command_success _________
file D:\project\claudewarp\tests\test_cli.py, line 533
      def test_edit_command_success(self, runner, mock_manager_with_proxy):
E       fixture 'runner' not found
>       available fixtures: cache, capfd, capfdbinary, caplog, capsys, capsysbinary, capteesys, class_mocker, cov, doctest_namespace, mocker, module_mocker, monkeypatch, no_cover, package_mocker, pytestconfig, record_property, record_testsuite_property, record_xml_attribute, recwarn, sample_config, sample_proxy, session_mocker, temp_config_manager, temp_dir, temp_proxy_manager, tmp_path, tmp_path_factory, tmpdir, tmpdir_factory
>       use 'pytest --fixtures [testpath]' for help on them.

D:\project\claudewarp\tests\test_cli.py:533
_______ ERROR at setup of TestEditCommand.test_edit_command_no_changes ________
file D:\project\claudewarp\tests\test_cli.py, line 543
      def test_edit_command_no_changes(self, runner, mock_manager_with_proxy):
E       fixture 'runner' not found
>       available fixtures: cache, capfd, capfdbinary, caplog, capsys, capsysbinary, capteesys, class_mocker, cov, doctest_namespace, mocker, module_mocker, monkeypatch, no_cover, package_mocker, pytestconfig, record_property, record_testsuite_property, record_xml_attribute, recwarn, sample_config, sample_proxy, session_mocker, temp_config_manager, temp_dir, temp_proxy_manager, tmp_path, tmp_path_factory, tmpdir, tmpdir_factory
>       use 'pytest --fixtures [testpath]' for help on them.

D:\project\claudewarp\tests\test_cli.py:543
_______ ERROR at setup of TestEditCommand.test_edit_command_with_rename _______
file D:\project\claudewarp\tests\test_cli.py, line 553
      def test_edit_command_with_rename(self, runner, mock_manager_with_proxy):
E       fixture 'runner' not found
>       available fixtures: cache, capfd, capfdbinary, caplog, capsys, capsysbinary, capteesys, class_mocker, cov, doctest_namespace, mocker, module_mocker, monkeypatch, no_cover, package_mocker, pytestconfig, record_property, record_testsuite_property, record_xml_attribute, recwarn, sample_config, sample_proxy, session_mocker, temp_config_manager, temp_dir, temp_proxy_manager, tmp_path, tmp_path_factory, tmpdir, tmpdir_factory
>       use 'pytest --fixtures [testpath]' for help on them.

D:\project\claudewarp\tests\test_cli.py:553
_______ ERROR at setup of TestEditCommand.test_edit_command_interactive _______
file D:\project\claudewarp\tests\test_cli.py, line 565
      def test_edit_command_interactive(self, runner, mock_manager_with_proxy):
E       fixture 'runner' not found
>       available fixtures: cache, capfd, capfdbinary, caplog, capsys, capsysbinary, capteesys, class_mocker, cov, doctest_namespace, mocker, module_mocker, monkeypatch, no_cover, package_mocker, pytestconfig, record_property, record_testsuite_property, record_xml_attribute, recwarn, sample_config, sample_proxy, session_mocker, temp_config_manager, temp_dir, temp_proxy_manager, tmp_path, tmp_path_factory, tmpdir, tmpdir_factory
>       use 'pytest --fixtures [testpath]' for help on them.

D:\project\claudewarp\tests\test_cli.py:565
____ ERROR at setup of TestSearchCommand.test_search_command_with_results _____
file D:\project\claudewarp\tests\test_cli.py, line 589
      def test_search_command_with_results(self, runner, mock_manager_with_proxy):
E       fixture 'runner' not found
>       available fixtures: cache, capfd, capfdbinary, caplog, capsys, capsysbinary, capteesys, class_mocker, cov, doctest_namespace, mocker, module_mocker, monkeypatch, no_cover, package_mocker, pytestconfig, record_property, record_testsuite_property, record_xml_attribute, recwarn, sample_config, sample_proxy, session_mocker, temp_config_manager, temp_dir, temp_proxy_manager, tmp_path, tmp_path_factory, tmpdir, tmpdir_factory
>       use 'pytest --fixtures [testpath]' for help on them.

D:\project\claudewarp\tests\test_cli.py:589
_____ ERROR at setup of TestSearchCommand.test_search_command_no_results ______
file D:\project\claudewarp\tests\test_cli.py, line 603
      def test_search_command_no_results(self, runner):
E       fixture 'runner' not found
>       available fixtures: cache, capfd, capfdbinary, caplog, capsys, capsysbinary, capteesys, class_mocker, cov, doctest_namespace, mocker, module_mocker, monkeypatch, no_cover, package_mocker, pytestconfig, record_property, record_testsuite_property, record_xml_attribute, recwarn, sample_config, sample_proxy, session_mocker, temp_config_manager, temp_dir, temp_proxy_manager, tmp_path, tmp_path_factory, tmpdir, tmpdir_factory
>       use 'pytest --fixtures [testpath]' for help on them.

D:\project\claudewarp\tests\test_cli.py:603
____ ERROR at setup of TestSearchCommand.test_search_command_custom_fields ____
file D:\project\claudewarp\tests\test_cli.py, line 615
      def test_search_command_custom_fields(self, runner, mock_manager_with_proxy):
E       fixture 'runner' not found
>       available fixtures: cache, capfd, capfdbinary, caplog, capsys, capsysbinary, capteesys, class_mocker, cov, doctest_namespace, mocker, module_mocker, monkeypatch, no_cover, package_mocker, pytestconfig, record_property, record_testsuite_property, record_xml_attribute, recwarn, sample_config, sample_proxy, session_mocker, temp_config_manager, temp_dir, temp_proxy_manager, tmp_path, tmp_path_factory, tmpdir, tmpdir_factory
>       use 'pytest --fixtures [testpath]' for help on them.

D:\project\claudewarp\tests\test_cli.py:615
____ ERROR at setup of TestCLIErrorHandling.test_get_proxy_manager_failure ____
file D:\project\claudewarp\tests\test_cli.py, line 636
      def test_get_proxy_manager_failure(self, runner):
E       fixture 'runner' not found
>       available fixtures: cache, capfd, capfdbinary, caplog, capsys, capsysbinary, capteesys, class_mocker, cov, doctest_namespace, mocker, module_mocker, monkeypatch, no_cover, package_mocker, pytestconfig, record_property, record_testsuite_property, record_xml_attribute, recwarn, sample_config, sample_proxy, session_mocker, temp_config_manager, temp_dir, temp_proxy_manager, tmp_path, tmp_path_factory, tmpdir, tmpdir_factory
>       use 'pytest --fixtures [testpath]' for help on them.

D:\project\claudewarp\tests\test_cli.py:636
___ ERROR at setup of TestCLIErrorHandling.test_keyboard_interrupt_handling ___
file D:\project\claudewarp\tests\test_cli.py, line 645
      def test_keyboard_interrupt_handling(self, runner):
E       fixture 'runner' not found
>       available fixtures: cache, capfd, capfdbinary, caplog, capsys, capsysbinary, capteesys, class_mocker, cov, doctest_namespace, mocker, module_mocker, monkeypatch, no_cover, package_mocker, pytestconfig, record_property, record_testsuite_property, record_xml_attribute, recwarn, sample_config, sample_proxy, session_mocker, temp_config_manager, temp_dir, temp_proxy_manager, tmp_path, tmp_path_factory, tmpdir, tmpdir_factory
>       use 'pytest --fixtures [testpath]' for help on them.

D:\project\claudewarp\tests\test_cli.py:645
______ ERROR at setup of TestCLIErrorHandling.test_config_error_handling ______
file D:\project\claudewarp\tests\test_cli.py, line 655
      def test_config_error_handling(self, runner):
E       fixture 'runner' not found
>       available fixtures: cache, capfd, capfdbinary, caplog, capsys, capsysbinary, capteesys, class_mocker, cov, doctest_namespace, mocker, module_mocker, monkeypatch, no_cover, package_mocker, pytestconfig, record_property, record_testsuite_property, record_xml_attribute, recwarn, sample_config, sample_proxy, session_mocker, temp_config_manager, temp_dir, temp_proxy_manager, tmp_path, tmp_path_factory, tmpdir, tmpdir_factory
>       use 'pytest --fixtures [testpath]' for help on them.

D:\project\claudewarp\tests\test_cli.py:655
_____ ERROR at setup of TestCLIErrorHandling.test_network_error_handling ______
file D:\project\claudewarp\tests\test_cli.py, line 664
      def test_network_error_handling(self, runner):
E       fixture 'runner' not found
>       available fixtures: cache, capfd, capfdbinary, caplog, capsys, capsysbinary, capteesys, class_mocker, cov, doctest_namespace, mocker, module_mocker, monkeypatch, no_cover, package_mocker, pytestconfig, record_property, record_testsuite_property, record_xml_attribute, recwarn, sample_config, sample_proxy, session_mocker, temp_config_manager, temp_dir, temp_proxy_manager, tmp_path, tmp_path_factory, tmpdir, tmpdir_factory
>       use 'pytest --fixtures [testpath]' for help on them.

D:\project\claudewarp\tests\test_cli.py:664
___________ ERROR at setup of TestCLIIntegration.test_full_workflow ___________
file D:\project\claudewarp\tests\test_cli.py, line 727
      def test_full_workflow(self, runner, temp_config_dir):
E       fixture 'runner' not found
>       available fixtures: cache, capfd, capfdbinary, caplog, capsys, capsysbinary, capteesys, class_mocker, cov, doctest_namespace, mocker, module_mocker, monkeypatch, no_cover, package_mocker, pytestconfig, record_property, record_testsuite_property, record_xml_attribute, recwarn, sample_config, sample_proxy, session_mocker, temp_config_dir, temp_config_manager, temp_dir, temp_proxy_manager, tmp_path, tmp_path_factory, tmpdir, tmpdir_factory
>       use 'pytest --fixtures [testpath]' for help on them.

D:\project\claudewarp\tests\test_cli.py:727
________ ERROR at setup of TestApplyCommand.test_apply_command_success ________
file D:\project\claudewarp\tests\test_cli.py, line 1004
      def test_apply_command_success(self, runner, mock_manager_with_proxy):
E       fixture 'runner' not found
>       available fixtures: cache, capfd, capfdbinary, caplog, capsys, capsysbinary, capteesys, class_mocker, cov, doctest_namespace, mocker, module_mocker, monkeypatch, no_cover, package_mocker, pytestconfig, record_property, record_testsuite_property, record_xml_attribute, recwarn, sample_config, sample_proxy, session_mocker, temp_config_manager, temp_dir, temp_proxy_manager, tmp_path, tmp_path_factory, tmpdir, tmpdir_factory
>       use 'pytest --fixtures [testpath]' for help on them.

D:\project\claudewarp\tests\test_cli.py:1004
_____ ERROR at setup of TestApplyCommand.test_apply_command_current_proxy _____
file D:\project\claudewarp\tests\test_cli.py, line 1017
      def test_apply_command_current_proxy(self, runner, mock_manager_with_proxy):
E       fixture 'runner' not found
>       available fixtures: cache, capfd, capfdbinary, caplog, capsys, capsysbinary, capteesys, class_mocker, cov, doctest_namespace, mocker, module_mocker, monkeypatch, no_cover, package_mocker, pytestconfig, record_property, record_testsuite_property, record_xml_attribute, recwarn, sample_config, sample_proxy, session_mocker, temp_config_manager, temp_dir, temp_proxy_manager, tmp_path, tmp_path_factory, tmpdir, tmpdir_factory
>       use 'pytest --fixtures [testpath]' for help on them.

D:\project\claudewarp\tests\test_cli.py:1017
________ ERROR at setup of TestApplyCommand.test_apply_command_failure ________
file D:\project\claudewarp\tests\test_cli.py, line 1030
      def test_apply_command_failure(self, runner):
E       fixture 'runner' not found
>       available fixtures: cache, capfd, capfdbinary, caplog, capsys, capsysbinary, capteesys, class_mocker, cov, doctest_namespace, mocker, module_mocker, monkeypatch, no_cover, package_mocker, pytestconfig, record_property, record_testsuite_property, record_xml_attribute, recwarn, sample_config, sample_proxy, session_mocker, temp_config_manager, temp_dir, temp_proxy_manager, tmp_path, tmp_path_factory, tmpdir, tmpdir_factory
>       use 'pytest --fixtures [testpath]' for help on them.

D:\project\claudewarp\tests\test_cli.py:1030
___ ERROR at setup of TestApplyCommand.test_apply_command_no_current_proxy ____
file D:\project\claudewarp\tests\test_cli.py, line 1042
      def test_apply_command_no_current_proxy(self, runner):
E       fixture 'runner' not found
>       available fixtures: cache, capfd, capfdbinary, caplog, capsys, capsysbinary, capteesys, class_mocker, cov, doctest_namespace, mocker, module_mocker, monkeypatch, no_cover, package_mocker, pytestconfig, record_property, record_testsuite_property, record_xml_attribute, recwarn, sample_config, sample_proxy, session_mocker, temp_config_manager, temp_dir, temp_proxy_manager, tmp_path, tmp_path_factory, tmpdir, tmpdir_factory
>       use 'pytest --fixtures [testpath]' for help on them.

D:\project\claudewarp\tests\test_cli.py:1042
_____ ERROR at setup of TestValidateCommand.test_validate_command_success _____
file D:\project\claudewarp\tests\test_cli.py, line 1058
      def test_validate_command_success(self, runner, mock_manager_with_proxy):
E       fixture 'runner' not found
>       available fixtures: cache, capfd, capfdbinary, caplog, capsys, capsysbinary, capteesys, class_mocker, cov, doctest_namespace, mocker, module_mocker, monkeypatch, no_cover, package_mocker, pytestconfig, record_property, record_testsuite_property, record_xml_attribute, recwarn, sample_config, sample_proxy, session_mocker, temp_config_manager, temp_dir, temp_proxy_manager, tmp_path, tmp_path_factory, tmpdir, tmpdir_factory
>       use 'pytest --fixtures [testpath]' for help on them.

D:\project\claudewarp\tests\test_cli.py:1058
_____ ERROR at setup of TestValidateCommand.test_validate_command_failure _____
file D:\project\claudewarp\tests\test_cli.py, line 1071
      def test_validate_command_failure(self, runner, mock_manager_with_proxy):
E       fixture 'runner' not found
>       available fixtures: cache, capfd, capfdbinary, caplog, capsys, capsysbinary, capteesys, class_mocker, cov, doctest_namespace, mocker, module_mocker, monkeypatch, no_cover, package_mocker, pytestconfig, record_property, record_testsuite_property, record_xml_attribute, recwarn, sample_config, sample_proxy, session_mocker, temp_config_manager, temp_dir, temp_proxy_manager, tmp_path, tmp_path_factory, tmpdir, tmpdir_factory
>       use 'pytest --fixtures [testpath]' for help on them.

D:\project\claudewarp\tests\test_cli.py:1071
___ ERROR at setup of TestValidateCommand.test_validate_command_all_proxies ___
file D:\project\claudewarp\tests\test_cli.py, line 1083
      def test_validate_command_all_proxies(self, runner, mock_manager_with_proxy):
E       fixture 'runner' not found
>       available fixtures: cache, capfd, capfdbinary, caplog, capsys, capsysbinary, capteesys, class_mocker, cov, doctest_namespace, mocker, module_mocker, monkeypatch, no_cover, package_mocker, pytestconfig, record_property, record_testsuite_property, record_xml_attribute, recwarn, sample_config, sample_proxy, session_mocker, temp_config_manager, temp_dir, temp_proxy_manager, tmp_path, tmp_path_factory, tmpdir, tmpdir_factory
>       use 'pytest --fixtures [testpath]' for help on them.

D:\project\claudewarp\tests\test_cli.py:1083
_ ERROR at setup of TestValidateCommand.test_validate_command_proxy_not_found _
file D:\project\claudewarp\tests\test_cli.py, line 1097
      def test_validate_command_proxy_not_found(self, runner):
E       fixture 'runner' not found
>       available fixtures: cache, capfd, capfdbinary, caplog, capsys, capsysbinary, capteesys, class_mocker, cov, doctest_namespace, mocker, module_mocker, monkeypatch, no_cover, package_mocker, pytestconfig, record_property, record_testsuite_property, record_xml_attribute, recwarn, sample_config, sample_proxy, session_mocker, temp_config_manager, temp_dir, temp_proxy_manager, tmp_path, tmp_path_factory, tmpdir, tmpdir_factory
>       use 'pytest --fixtures [testpath]' for help on them.

D:\project\claudewarp\tests\test_cli.py:1097
_______ ERROR at setup of TestStatusCommand.test_status_command_success _______
file D:\project\claudewarp\tests\test_cli.py, line 1113
      def test_status_command_success(self, runner, mock_manager_with_proxy):
E       fixture 'runner' not found
>       available fixtures: cache, capfd, capfdbinary, caplog, capsys, capsysbinary, capteesys, class_mocker, cov, doctest_namespace, mocker, module_mocker, monkeypatch, no_cover, package_mocker, pytestconfig, record_property, record_testsuite_property, record_xml_attribute, recwarn, sample_config, sample_proxy, session_mocker, temp_config_manager, temp_dir, temp_proxy_manager, tmp_path, tmp_path_factory, tmpdir, tmpdir_factory
>       use 'pytest --fixtures [testpath]' for help on them.

D:\project\claudewarp\tests\test_cli.py:1113
______ ERROR at setup of TestStatusCommand.test_status_command_detailed _______
file D:\project\claudewarp\tests\test_cli.py, line 1133
      def test_status_command_detailed(self, runner, mock_manager_with_proxy):
E       fixture 'runner' not found
>       available fixtures: cache, capfd, capfdbinary, caplog, capsys, capsysbinary, capteesys, class_mocker, cov, doctest_namespace, mocker, module_mocker, monkeypatch, no_cover, package_mocker, pytestconfig, record_property, record_testsuite_property, record_xml_attribute, recwarn, sample_config, sample_proxy, session_mocker, temp_config_manager, temp_dir, temp_proxy_manager, tmp_path, tmp_path_factory, tmpdir, tmpdir_factory
>       use 'pytest --fixtures [testpath]' for help on them.

D:\project\claudewarp\tests\test_cli.py:1133
_____ ERROR at setup of TestStatusCommand.test_status_command_json_format _____
file D:\project\claudewarp\tests\test_cli.py, line 1143
      def test_status_command_json_format(self, runner, mock_manager_with_proxy):
E       fixture 'runner' not found
>       available fixtures: cache, capfd, capfdbinary, caplog, capsys, capsysbinary, capteesys, class_mocker, cov, doctest_namespace, mocker, module_mocker, monkeypatch, no_cover, package_mocker, pytestconfig, record_property, record_testsuite_property, record_xml_attribute, recwarn, sample_config, sample_proxy, session_mocker, temp_config_manager, temp_dir, temp_proxy_manager, tmp_path, tmp_path_factory, tmpdir, tmpdir_factory
>       use 'pytest --fixtures [testpath]' for help on them.

D:\project\claudewarp\tests\test_cli.py:1143
_________ ERROR at setup of TestConfigCommand.test_config_get_command _________
file D:\project\claudewarp\tests\test_cli.py, line 1157
      def test_config_get_command(self, runner):
E       fixture 'runner' not found
>       available fixtures: cache, capfd, capfdbinary, caplog, capsys, capsysbinary, capteesys, class_mocker, cov, doctest_namespace, mocker, module_mocker, monkeypatch, no_cover, package_mocker, pytestconfig, record_property, record_testsuite_property, record_xml_attribute, recwarn, sample_config, sample_proxy, session_mocker, temp_config_manager, temp_dir, temp_proxy_manager, tmp_path, tmp_path_factory, tmpdir, tmpdir_factory
>       use 'pytest --fixtures [testpath]' for help on them.

D:\project\claudewarp\tests\test_cli.py:1157
_________ ERROR at setup of TestConfigCommand.test_config_set_command _________
file D:\project\claudewarp\tests\test_cli.py, line 1169
      def test_config_set_command(self, runner):
E       fixture 'runner' not found
>       available fixtures: cache, capfd, capfdbinary, caplog, capsys, capsysbinary, capteesys, class_mocker, cov, doctest_namespace, mocker, module_mocker, monkeypatch, no_cover, package_mocker, pytestconfig, record_property, record_testsuite_property, record_xml_attribute, recwarn, sample_config, sample_proxy, session_mocker, temp_config_manager, temp_dir, temp_proxy_manager, tmp_path, tmp_path_factory, tmpdir, tmpdir_factory
>       use 'pytest --fixtures [testpath]' for help on them.

D:\project\claudewarp\tests\test_cli.py:1169
________ ERROR at setup of TestConfigCommand.test_config_list_command _________
file D:\project\claudewarp\tests\test_cli.py, line 1180
      def test_config_list_command(self, runner):
E       fixture 'runner' not found
>       available fixtures: cache, capfd, capfdbinary, caplog, capsys, capsysbinary, capteesys, class_mocker, cov, doctest_namespace, mocker, module_mocker, monkeypatch, no_cover, package_mocker, pytestconfig, record_property, record_testsuite_property, record_xml_attribute, recwarn, sample_config, sample_proxy, session_mocker, temp_config_manager, temp_dir, temp_proxy_manager, tmp_path, tmp_path_factory, tmpdir, tmpdir_factory
>       use 'pytest --fixtures [testpath]' for help on them.

D:\project\claudewarp\tests\test_cli.py:1180
___________ ERROR at setup of TestTagCommand.test_tag_list_command ____________
file D:\project\claudewarp\tests\test_cli.py, line 1197
      def test_tag_list_command(self, runner, mock_manager_with_proxy):
E       fixture 'runner' not found
>       available fixtures: cache, capfd, capfdbinary, caplog, capsys, capsysbinary, capteesys, class_mocker, cov, doctest_namespace, mocker, module_mocker, monkeypatch, no_cover, package_mocker, pytestconfig, record_property, record_testsuite_property, record_xml_attribute, recwarn, sample_config, sample_proxy, session_mocker, temp_config_manager, temp_dir, temp_proxy_manager, tmp_path, tmp_path_factory, tmpdir, tmpdir_factory
>       use 'pytest --fixtures [testpath]' for help on them.

D:\project\claudewarp\tests\test_cli.py:1197
____________ ERROR at setup of TestTagCommand.test_tag_add_command ____________
file D:\project\claudewarp\tests\test_cli.py, line 1210
      def test_tag_add_command(self, runner, mock_manager_with_proxy):
E       fixture 'runner' not found
>       available fixtures: cache, capfd, capfdbinary, caplog, capsys, capsysbinary, capteesys, class_mocker, cov, doctest_namespace, mocker, module_mocker, monkeypatch, no_cover, package_mocker, pytestconfig, record_property, record_testsuite_property, record_xml_attribute, recwarn, sample_config, sample_proxy, session_mocker, temp_config_manager, temp_dir, temp_proxy_manager, tmp_path, tmp_path_factory, tmpdir, tmpdir_factory
>       use 'pytest --fixtures [testpath]' for help on them.

D:\project\claudewarp\tests\test_cli.py:1210
__________ ERROR at setup of TestTagCommand.test_tag_remove_command ___________
file D:\project\claudewarp\tests\test_cli.py, line 1220
      def test_tag_remove_command(self, runner, mock_manager_with_proxy):
E       fixture 'runner' not found
>       available fixtures: cache, capfd, capfdbinary, caplog, capsys, capsysbinary, capteesys, class_mocker, cov, doctest_namespace, mocker, module_mocker, monkeypatch, no_cover, package_mocker, pytestconfig, record_property, record_testsuite_property, record_xml_attribute, recwarn, sample_config, sample_proxy, session_mocker, temp_config_manager, temp_dir, temp_proxy_manager, tmp_path, tmp_path_factory, tmpdir, tmpdir_factory
>       use 'pytest --fixtures [testpath]' for help on them.

D:\project\claudewarp\tests\test_cli.py:1220
__________ ERROR at setup of TestTagCommand.test_tag_search_command ___________
file D:\project\claudewarp\tests\test_cli.py, line 1230
      def test_tag_search_command(self, runner, mock_manager_with_proxy):
E       fixture 'runner' not found
>       available fixtures: cache, capfd, capfdbinary, caplog, capsys, capsysbinary, capteesys, class_mocker, cov, doctest_namespace, mocker, module_mocker, monkeypatch, no_cover, package_mocker, pytestconfig, record_property, record_testsuite_property, record_xml_attribute, recwarn, sample_config, sample_proxy, session_mocker, temp_config_manager, temp_dir, temp_proxy_manager, tmp_path, tmp_path_factory, tmpdir, tmpdir_factory
>       use 'pytest --fixtures [testpath]' for help on them.

D:\project\claudewarp\tests\test_cli.py:1230
_______ ERROR at setup of TestBackupCommand.test_backup_create_command ________
file D:\project\claudewarp\tests\test_cli.py, line 1248
      def test_backup_create_command(self, runner):
E       fixture 'runner' not found
>       available fixtures: cache, capfd, capfdbinary, caplog, capsys, capsysbinary, capteesys, class_mocker, cov, doctest_namespace, mocker, module_mocker, monkeypatch, no_cover, package_mocker, pytestconfig, record_property, record_testsuite_property, record_xml_attribute, recwarn, sample_config, sample_proxy, session_mocker, temp_config_manager, temp_dir, temp_proxy_manager, tmp_path, tmp_path_factory, tmpdir, tmpdir_factory
>       use 'pytest --fixtures [testpath]' for help on them.

D:\project\claudewarp\tests\test_cli.py:1248
_______ ERROR at setup of TestBackupCommand.test_backup_restore_command _______
file D:\project\claudewarp\tests\test_cli.py, line 1265
      def test_backup_restore_command(self, runner):
E       fixture 'runner' not found
>       available fixtures: cache, capfd, capfdbinary, caplog, capsys, capsysbinary, capteesys, class_mocker, cov, doctest_namespace, mocker, module_mocker, monkeypatch, no_cover, package_mocker, pytestconfig, record_property, record_testsuite_property, record_xml_attribute, recwarn, sample_config, sample_proxy, session_mocker, temp_config_manager, temp_dir, temp_proxy_manager, tmp_path, tmp_path_factory, tmpdir, tmpdir_factory
>       use 'pytest --fixtures [testpath]' for help on them.

D:\project\claudewarp\tests\test_cli.py:1265
________ ERROR at setup of TestBackupCommand.test_backup_list_command _________
file D:\project\claudewarp\tests\test_cli.py, line 1284
      def test_backup_list_command(self, runner):
E       fixture 'runner' not found
>       available fixtures: cache, capfd, capfdbinary, caplog, capsys, capsysbinary, capteesys, class_mocker, cov, doctest_namespace, mocker, module_mocker, monkeypatch, no_cover, package_mocker, pytestconfig, record_property, record_testsuite_property, record_xml_attribute, recwarn, sample_config, sample_proxy, session_mocker, temp_config_manager, temp_dir, temp_proxy_manager, tmp_path, tmp_path_factory, tmpdir, tmpdir_factory
>       use 'pytest --fixtures [testpath]' for help on them.

D:\project\claudewarp\tests\test_cli.py:1284
_______ ERROR at setup of TestImportExportCommand.test_import_from_file _______
file D:\project\claudewarp\tests\test_cli.py, line 1303
      def test_import_from_file(self, runner):
E       fixture 'runner' not found
>       available fixtures: cache, capfd, capfdbinary, caplog, capsys, capsysbinary, capteesys, class_mocker, cov, doctest_namespace, mocker, module_mocker, monkeypatch, no_cover, package_mocker, pytestconfig, record_property, record_testsuite_property, record_xml_attribute, recwarn, sample_config, sample_proxy, session_mocker, temp_config_manager, temp_dir, temp_proxy_manager, tmp_path, tmp_path_factory, tmpdir, tmpdir_factory
>       use 'pytest --fixtures [testpath]' for help on them.

D:\project\claudewarp\tests\test_cli.py:1303
________ ERROR at setup of TestImportExportCommand.test_export_to_file ________
file D:\project\claudewarp\tests\test_cli.py, line 1333
      def test_export_to_file(self, runner, mock_manager_with_proxy):
E       fixture 'runner' not found
>       available fixtures: cache, capfd, capfdbinary, caplog, capsys, capsysbinary, capteesys, class_mocker, cov, doctest_namespace, mocker, module_mocker, monkeypatch, no_cover, package_mocker, pytestconfig, record_property, record_testsuite_property, record_xml_attribute, recwarn, sample_config, sample_proxy, session_mocker, temp_config_manager, temp_dir, temp_proxy_manager, tmp_path, tmp_path_factory, tmpdir, tmpdir_factory
>       use 'pytest --fixtures [testpath]' for help on them.

D:\project\claudewarp\tests\test_cli.py:1333
____ ERROR at setup of TestImportExportCommand.test_import_merge_strategy _____
file D:\project\claudewarp\tests\test_cli.py, line 1349
      def test_import_merge_strategy(self, runner):
E       fixture 'runner' not found
>       available fixtures: cache, capfd, capfdbinary, caplog, capsys, capsysbinary, capteesys, class_mocker, cov, doctest_namespace, mocker, module_mocker, monkeypatch, no_cover, package_mocker, pytestconfig, record_property, record_testsuite_property, record_xml_attribute, recwarn, sample_config, sample_proxy, session_mocker, temp_config_manager, temp_dir, temp_proxy_manager, tmp_path, tmp_path_factory, tmpdir, tmpdir_factory
>       use 'pytest --fixtures [testpath]' for help on them.

D:\project\claudewarp\tests\test_cli.py:1349
_ ERROR at setup of TestVerboseLogging.test_verbose_flag_enables_debug_logging _
file D:\project\claudewarp\tests\test_cli.py, line 1363
      def test_verbose_flag_enables_debug_logging(self, runner):
E       fixture 'runner' not found
>       available fixtures: cache, capfd, capfdbinary, caplog, capsys, capsysbinary, capteesys, class_mocker, cov, doctest_namespace, mocker, module_mocker, monkeypatch, no_cover, package_mocker, pytestconfig, record_property, record_testsuite_property, record_xml_attribute, recwarn, sample_config, sample_proxy, session_mocker, temp_config_manager, temp_dir, temp_proxy_manager, tmp_path, tmp_path_factory, tmpdir, tmpdir_factory
>       use 'pytest --fixtures [testpath]' for help on them.

D:\project\claudewarp\tests\test_cli.py:1363
_____ ERROR at setup of TestVerboseLogging.test_quiet_flag_reduces_output _____
file D:\project\claudewarp\tests\test_cli.py, line 1370
      def test_quiet_flag_reduces_output(self, runner):
E       fixture 'runner' not found
>       available fixtures: cache, capfd, capfdbinary, caplog, capsys, capsysbinary, capteesys, class_mocker, cov, doctest_namespace, mocker, module_mocker, monkeypatch, no_cover, package_mocker, pytestconfig, record_property, record_testsuite_property, record_xml_attribute, recwarn, sample_config, sample_proxy, session_mocker, temp_config_manager, temp_dir, temp_proxy_manager, tmp_path, tmp_path_factory, tmpdir, tmpdir_factory
>       use 'pytest --fixtures [testpath]' for help on them.

D:\project\claudewarp\tests\test_cli.py:1370
___________ ERROR at setup of TestHelpAndVersion.test_help_command ____________
file D:\project\claudewarp\tests\test_cli.py, line 1380
      def test_help_command(self, runner):
E       fixture 'runner' not found
>       available fixtures: cache, capfd, capfdbinary, caplog, capsys, capsysbinary, capteesys, class_mocker, cov, doctest_namespace, mocker, module_mocker, monkeypatch, no_cover, package_mocker, pytestconfig, record_property, record_testsuite_property, record_xml_attribute, recwarn, sample_config, sample_proxy, session_mocker, temp_config_manager, temp_dir, temp_proxy_manager, tmp_path, tmp_path_factory, tmpdir, tmpdir_factory
>       use 'pytest --fixtures [testpath]' for help on them.

D:\project\claudewarp\tests\test_cli.py:1380
__________ ERROR at setup of TestHelpAndVersion.test_version_command __________
file D:\project\claudewarp\tests\test_cli.py, line 1387
      def test_version_command(self, runner):
E       fixture 'runner' not found
>       available fixtures: cache, capfd, capfdbinary, caplog, capsys, capsysbinary, capteesys, class_mocker, cov, doctest_namespace, mocker, module_mocker, monkeypatch, no_cover, package_mocker, pytestconfig, record_property, record_testsuite_property, record_xml_attribute, recwarn, sample_config, sample_proxy, session_mocker, temp_config_manager, temp_dir, temp_proxy_manager, tmp_path, tmp_path_factory, tmpdir, tmpdir_factory
>       use 'pytest --fixtures [testpath]' for help on them.

D:\project\claudewarp\tests\test_cli.py:1387
_______ ERROR at setup of TestHelpAndVersion.test_command_specific_help _______
file D:\project\claudewarp\tests\test_cli.py, line 1393
      def test_command_specific_help(self, runner):
E       fixture 'runner' not found
>       available fixtures: cache, capfd, capfdbinary, caplog, capsys, capsysbinary, capteesys, class_mocker, cov, doctest_namespace, mocker, module_mocker, monkeypatch, no_cover, package_mocker, pytestconfig, record_property, record_testsuite_property, record_xml_attribute, recwarn, sample_config, sample_proxy, session_mocker, temp_config_manager, temp_dir, temp_proxy_manager, tmp_path, tmp_path_factory, tmpdir, tmpdir_factory
>       use 'pytest --fixtures [testpath]' for help on them.

D:\project\claudewarp\tests\test_cli.py:1393
_________ ERROR at setup of TestShellCompletion.test_bash_completion __________
file D:\project\claudewarp\tests\test_cli.py, line 1404
      def test_bash_completion(self, runner):
E       fixture 'runner' not found
>       available fixtures: cache, capfd, capfdbinary, caplog, capsys, capsysbinary, capteesys, class_mocker, cov, doctest_namespace, mocker, module_mocker, monkeypatch, no_cover, package_mocker, pytestconfig, record_property, record_testsuite_property, record_xml_attribute, recwarn, sample_config, sample_proxy, session_mocker, temp_config_manager, temp_dir, temp_proxy_manager, tmp_path, tmp_path_factory, tmpdir, tmpdir_factory
>       use 'pytest --fixtures [testpath]' for help on them.

D:\project\claudewarp\tests\test_cli.py:1404
_________ ERROR at setup of TestShellCompletion.test_fish_completion __________
file D:\project\claudewarp\tests\test_cli.py, line 1410
      def test_fish_completion(self, runner):
E       fixture 'runner' not found
>       available fixtures: cache, capfd, capfdbinary, caplog, capsys, capsysbinary, capteesys, class_mocker, cov, doctest_namespace, mocker, module_mocker, monkeypatch, no_cover, package_mocker, pytestconfig, record_property, record_testsuite_property, record_xml_attribute, recwarn, sample_config, sample_proxy, session_mocker, temp_config_manager, temp_dir, temp_proxy_manager, tmp_path, tmp_path_factory, tmpdir, tmpdir_factory
>       use 'pytest --fixtures [testpath]' for help on them.

D:\project\claudewarp\tests\test_cli.py:1410
_____ ERROR at setup of TestErrorRecovery.test_corrupted_config_recovery ______
file D:\project\claudewarp\tests\test_cli.py, line 1420
      def test_corrupted_config_recovery(self, runner):
E       fixture 'runner' not found
>       available fixtures: cache, capfd, capfdbinary, caplog, capsys, capsysbinary, capteesys, class_mocker, cov, doctest_namespace, mocker, module_mocker, monkeypatch, no_cover, package_mocker, pytestconfig, record_property, record_testsuite_property, record_xml_attribute, recwarn, sample_config, sample_proxy, session_mocker, temp_config_manager, temp_dir, temp_proxy_manager, tmp_path, tmp_path_factory, tmpdir, tmpdir_factory
>       use 'pytest --fixtures [testpath]' for help on them.

D:\project\claudewarp\tests\test_cli.py:1420
______ ERROR at setup of TestErrorRecovery.test_network_timeout_handling ______
file D:\project\claudewarp\tests\test_cli.py, line 1430
      def test_network_timeout_handling(self, runner):
E       fixture 'runner' not found
>       available fixtures: cache, capfd, capfdbinary, caplog, capsys, capsysbinary, capteesys, class_mocker, cov, doctest_namespace, mocker, module_mocker, monkeypatch, no_cover, package_mocker, pytestconfig, record_property, record_testsuite_property, record_xml_attribute, recwarn, sample_config, sample_proxy, session_mocker, temp_config_manager, temp_dir, temp_proxy_manager, tmp_path, tmp_path_factory, tmpdir, tmpdir_factory
>       use 'pytest --fixtures [testpath]' for help on them.

D:\project\claudewarp\tests\test_cli.py:1430
_____ ERROR at setup of TestErrorRecovery.test_permission_denied_handling _____
file D:\project\claudewarp\tests\test_cli.py, line 1442
      def test_permission_denied_handling(self, runner):
E       fixture 'runner' not found
>       available fixtures: cache, capfd, capfdbinary, caplog, capsys, capsysbinary, capteesys, class_mocker, cov, doctest_namespace, mocker, module_mocker, monkeypatch, no_cover, package_mocker, pytestconfig, record_property, record_testsuite_property, record_xml_attribute, recwarn, sample_config, sample_proxy, session_mocker, temp_config_manager, temp_dir, temp_proxy_manager, tmp_path, tmp_path_factory, tmpdir, tmpdir_factory
>       use 'pytest --fixtures [testpath]' for help on them.

D:\project\claudewarp\tests\test_cli.py:1442
_ ERROR at setup of TestPerformanceOptimizations.test_large_proxy_list_performance _
file D:\project\claudewarp\tests\test_cli.py, line 1455
      def test_large_proxy_list_performance(self, runner):
E       fixture 'runner' not found
>       available fixtures: cache, capfd, capfdbinary, caplog, capsys, capsysbinary, capteesys, class_mocker, cov, doctest_namespace, mocker, module_mocker, monkeypatch, no_cover, package_mocker, pytestconfig, record_property, record_testsuite_property, record_xml_attribute, recwarn, sample_config, sample_proxy, session_mocker, temp_config_manager, temp_dir, temp_proxy_manager, tmp_path, tmp_path_factory, tmpdir, tmpdir_factory
>       use 'pytest --fixtures [testpath]' for help on them.

D:\project\claudewarp\tests\test_cli.py:1455
_ ERROR at setup of TestPerformanceOptimizations.test_pagination_for_large_lists _
file D:\project\claudewarp\tests\test_cli.py, line 1478
      def test_pagination_for_large_lists(self, runner):
E       fixture 'runner' not found
>       available fixtures: cache, capfd, capfdbinary, caplog, capsys, capsysbinary, capteesys, class_mocker, cov, doctest_namespace, mocker, module_mocker, monkeypatch, no_cover, package_mocker, pytestconfig, record_property, record_testsuite_property, record_xml_attribute, recwarn, sample_config, sample_proxy, session_mocker, temp_config_manager, temp_dir, temp_proxy_manager, tmp_path, tmp_path_factory, tmpdir, tmpdir_factory
>       use 'pytest --fixtures [testpath]' for help on them.

D:\project\claudewarp\tests\test_cli.py:1478
____________ ERROR at setup of TestEdgeCases.test_empty_proxy_name ____________
file D:\project\claudewarp\tests\test_cli.py, line 1491
      def test_empty_proxy_name(self, runner):
E       fixture 'runner' not found
>       available fixtures: cache, capfd, capfdbinary, caplog, capsys, capsysbinary, capteesys, class_mocker, cov, doctest_namespace, mocker, module_mocker, monkeypatch, no_cover, package_mocker, pytestconfig, record_property, record_testsuite_property, record_xml_attribute, recwarn, sample_config, sample_proxy, session_mocker, temp_config_manager, temp_dir, temp_proxy_manager, tmp_path, tmp_path_factory, tmpdir, tmpdir_factory
>       use 'pytest --fixtures [testpath]' for help on them.

D:\project\claudewarp\tests\test_cli.py:1491
__________ ERROR at setup of TestEdgeCases.test_very_long_proxy_name __________
file D:\project\claudewarp\tests\test_cli.py, line 1509
      def test_very_long_proxy_name(self, runner):
E       fixture 'runner' not found
>       available fixtures: cache, capfd, capfdbinary, caplog, capsys, capsysbinary, capteesys, class_mocker, cov, doctest_namespace, mocker, module_mocker, monkeypatch, no_cover, package_mocker, pytestconfig, record_property, record_testsuite_property, record_xml_attribute, recwarn, sample_config, sample_proxy, session_mocker, temp_config_manager, temp_dir, temp_proxy_manager, tmp_path, tmp_path_factory, tmpdir, tmpdir_factory
>       use 'pytest --fixtures [testpath]' for help on them.

D:\project\claudewarp\tests\test_cli.py:1509
_______ ERROR at setup of TestEdgeCases.test_special_characters_in_name _______
file D:\project\claudewarp\tests\test_cli.py, line 1528
      def test_special_characters_in_name(self, runner):
E       fixture 'runner' not found
>       available fixtures: cache, capfd, capfdbinary, caplog, capsys, capsysbinary, capteesys, class_mocker, cov, doctest_namespace, mocker, module_mocker, monkeypatch, no_cover, package_mocker, pytestconfig, record_property, record_testsuite_property, record_xml_attribute, recwarn, sample_config, sample_proxy, session_mocker, temp_config_manager, temp_dir, temp_proxy_manager, tmp_path, tmp_path_factory, tmpdir, tmpdir_factory
>       use 'pytest --fixtures [testpath]' for help on them.

D:\project\claudewarp\tests\test_cli.py:1528
_________ ERROR at setup of TestEdgeCases.test_unicode_in_description _________
file D:\project\claudewarp\tests\test_cli.py, line 1550
      def test_unicode_in_description(self, runner):
E       fixture 'runner' not found
>       available fixtures: cache, capfd, capfdbinary, caplog, capsys, capsysbinary, capteesys, class_mocker, cov, doctest_namespace, mocker, module_mocker, monkeypatch, no_cover, package_mocker, pytestconfig, record_property, record_testsuite_property, record_xml_attribute, recwarn, sample_config, sample_proxy, session_mocker, temp_config_manager, temp_dir, temp_proxy_manager, tmp_path, tmp_path_factory, tmpdir, tmpdir_factory
>       use 'pytest --fixtures [testpath]' for help on them.

D:\project\claudewarp\tests\test_cli.py:1550
_____ ERROR at setup of TestConcurrency.test_concurrent_proxy_operations ______
file D:\project\claudewarp\tests\test_cli.py, line 1576
      def test_concurrent_proxy_operations(self, runner):
E       fixture 'runner' not found
>       available fixtures: cache, capfd, capfdbinary, caplog, capsys, capsysbinary, capteesys, class_mocker, cov, doctest_namespace, mocker, module_mocker, monkeypatch, no_cover, package_mocker, pytestconfig, record_property, record_testsuite_property, record_xml_attribute, recwarn, sample_config, sample_proxy, session_mocker, temp_config_manager, temp_dir, temp_proxy_manager, tmp_path, tmp_path_factory, tmpdir, tmpdir_factory
>       use 'pytest --fixtures [testpath]' for help on them.

D:\project\claudewarp\tests\test_cli.py:1576
________ ERROR at setup of TestConcurrency.test_file_locking_behavior _________
file D:\project\claudewarp\tests\test_cli.py, line 1582
      def test_file_locking_behavior(self, runner):
E       fixture 'runner' not found
>       available fixtures: cache, capfd, capfdbinary, caplog, capsys, capsysbinary, capteesys, class_mocker, cov, doctest_namespace, mocker, module_mocker, monkeypatch, no_cover, package_mocker, pytestconfig, record_property, record_testsuite_property, record_xml_attribute, recwarn, sample_config, sample_proxy, session_mocker, temp_config_manager, temp_dir, temp_proxy_manager, tmp_path, tmp_path_factory, tmpdir, tmpdir_factory
>       use 'pytest --fixtures [testpath]' for help on them.

D:\project\claudewarp\tests\test_cli.py:1582
_______ ERROR at setup of TestConfigManagerBackup.test_backup_creation ________
file D:\project\claudewarp\tests\test_config.py, line 290
      def test_backup_creation(self, temp_config_manager_with_backup):
file D:\project\claudewarp\tests\test_config.py, line 284
      @pytest.fixture
      def temp_config_manager_with_backup(self, temp_config_dir):
E       fixture 'temp_config_dir' not found
>       available fixtures: cache, capfd, capfdbinary, caplog, capsys, capsysbinary, capteesys, class_mocker, cov, doctest_namespace, mocker, module_mocker, monkeypatch, no_cover, package_mocker, pytestconfig, record_property, record_testsuite_property, record_xml_attribute, recwarn, sample_config, sample_proxy, session_mocker, temp_config_manager, temp_config_manager_with_backup, temp_dir, temp_proxy_manager, tmp_path, tmp_path_factory, tmpdir, tmpdir_factory
>       use 'pytest --fixtures [testpath]' for help on them.

D:\project\claudewarp\tests\test_config.py:284
_______ ERROR at setup of TestConfigManagerBackup.test_get_backup_files _______
file D:\project\claudewarp\tests\test_config.py, line 309
      def test_get_backup_files(self, temp_config_manager_with_backup):
file D:\project\claudewarp\tests\test_config.py, line 284
      @pytest.fixture
      def temp_config_manager_with_backup(self, temp_config_dir):
E       fixture 'temp_config_dir' not found
>       available fixtures: cache, capfd, capfdbinary, caplog, capsys, capsysbinary, capteesys, class_mocker, cov, doctest_namespace, mocker, module_mocker, monkeypatch, no_cover, package_mocker, pytestconfig, record_property, record_testsuite_property, record_xml_attribute, recwarn, sample_config, sample_proxy, session_mocker, temp_config_manager, temp_config_manager_with_backup, temp_dir, temp_proxy_manager, tmp_path, tmp_path_factory, tmpdir, tmpdir_factory
>       use 'pytest --fixtures [testpath]' for help on them.

D:\project\claudewarp\tests\test_config.py:284
_____ ERROR at setup of TestConfigManagerBackup.test_cleanup_old_backups ______
file D:\project\claudewarp\tests\test_config.py, line 314
      def test_cleanup_old_backups(self, temp_config_manager_with_backup):
file D:\project\claudewarp\tests\test_config.py, line 284
      @pytest.fixture
      def temp_config_manager_with_backup(self, temp_config_dir):
E       fixture 'temp_config_dir' not found
>       available fixtures: cache, capfd, capfdbinary, caplog, capsys, capsysbinary, capteesys, class_mocker, cov, doctest_namespace, mocker, module_mocker, monkeypatch, no_cover, package_mocker, pytestconfig, record_property, record_testsuite_property, record_xml_attribute, recwarn, sample_config, sample_proxy, session_mocker, temp_config_manager, temp_config_manager_with_backup, temp_dir, temp_proxy_manager, tmp_path, tmp_path_factory, tmpdir, tmpdir_factory
>       use 'pytest --fixtures [testpath]' for help on them.

D:\project\claudewarp\tests\test_config.py:284
_______ ERROR at setup of TestConfigManagerBackup.test_get_config_info ________
file D:\project\claudewarp\tests\test_config.py, line 321
      def test_get_config_info(self, temp_config_manager_with_backup):
file D:\project\claudewarp\tests\test_config.py, line 284
      @pytest.fixture
      def temp_config_manager_with_backup(self, temp_config_dir):
E       fixture 'temp_config_dir' not found
>       available fixtures: cache, capfd, capfdbinary, caplog, capsys, capsysbinary, capteesys, class_mocker, cov, doctest_namespace, mocker, module_mocker, monkeypatch, no_cover, package_mocker, pytestconfig, record_property, record_testsuite_property, record_xml_attribute, recwarn, sample_config, sample_proxy, session_mocker, temp_config_manager, temp_config_manager_with_backup, temp_dir, temp_proxy_manager, tmp_path, tmp_path_factory, tmpdir, tmpdir_factory
>       use 'pytest --fixtures [testpath]' for help on them.

D:\project\claudewarp\tests\test_config.py:284
__ ERROR at setup of TestConfigManagerMigration.test_migrate_config_no_file ___
file D:\project\claudewarp\tests\test_config.py, line 344
      def test_migrate_config_no_file(self, temp_config_manager_migration):
file D:\project\claudewarp\tests\test_config.py, line 338
      @pytest.fixture
      def temp_config_manager_migration(self, temp_config_dir):
E       fixture 'temp_config_dir' not found
>       available fixtures: cache, capfd, capfdbinary, caplog, capsys, capsysbinary, capteesys, class_mocker, cov, doctest_namespace, mocker, module_mocker, monkeypatch, no_cover, package_mocker, pytestconfig, record_property, record_testsuite_property, record_xml_attribute, recwarn, sample_config, sample_proxy, session_mocker, temp_config_manager, temp_config_manager_migration, temp_dir, temp_proxy_manager, tmp_path, tmp_path_factory, tmpdir, tmpdir_factory
>       use 'pytest --fixtures [testpath]' for help on them.

D:\project\claudewarp\tests\test_config.py:338
_ ERROR at setup of TestConfigManagerMigration.test_migrate_config_same_version _
file D:\project\claudewarp\tests\test_config.py, line 349
      def test_migrate_config_same_version(self, temp_config_manager_migration):
file D:\project\claudewarp\tests\test_config.py, line 338
      @pytest.fixture
      def temp_config_manager_migration(self, temp_config_dir):
E       fixture 'temp_config_dir' not found
>       available fixtures: cache, capfd, capfdbinary, caplog, capsys, capsysbinary, capteesys, class_mocker, cov, doctest_namespace, mocker, module_mocker, monkeypatch, no_cover, package_mocker, pytestconfig, record_property, record_testsuite_property, record_xml_attribute, recwarn, sample_config, sample_proxy, session_mocker, temp_config_manager, temp_config_manager_migration, temp_dir, temp_proxy_manager, tmp_path, tmp_path_factory, tmpdir, tmpdir_factory
>       use 'pytest --fixtures [testpath]' for help on them.

D:\project\claudewarp\tests\test_config.py:338
_ ERROR at setup of TestConfigManagerMigration.test_perform_migration_current_version _
file D:\project\claudewarp\tests\test_config.py, line 357
      def test_perform_migration_current_version(self, temp_config_manager_migration):
file D:\project\claudewarp\tests\test_config.py, line 338
      @pytest.fixture
      def temp_config_manager_migration(self, temp_config_dir):
E       fixture 'temp_config_dir' not found
>       available fixtures: cache, capfd, capfdbinary, caplog, capsys, capsysbinary, capteesys, class_mocker, cov, doctest_namespace, mocker, module_mocker, monkeypatch, no_cover, package_mocker, pytestconfig, record_property, record_testsuite_property, record_xml_attribute, recwarn, sample_config, sample_proxy, session_mocker, temp_config_manager, temp_config_manager_migration, temp_dir, temp_proxy_manager, tmp_path, tmp_path_factory, tmpdir, tmpdir_factory
>       use 'pytest --fixtures [testpath]' for help on them.

D:\project\claudewarp\tests\test_config.py:338
_ ERROR at setup of TestConfigManagerMigration.test_perform_migration_unsupported_version _
file D:\project\claudewarp\tests\test_config.py, line 369
      def test_perform_migration_unsupported_version(self, temp_config_manager_migration):
file D:\project\claudewarp\tests\test_config.py, line 338
      @pytest.fixture
      def temp_config_manager_migration(self, temp_config_dir):
E       fixture 'temp_config_dir' not found
>       available fixtures: cache, capfd, capfdbinary, caplog, capsys, capsysbinary, capteesys, class_mocker, cov, doctest_namespace, mocker, module_mocker, monkeypatch, no_cover, package_mocker, pytestconfig, record_property, record_testsuite_property, record_xml_attribute, recwarn, sample_config, sample_proxy, session_mocker, temp_config_manager, temp_config_manager_migration, temp_dir, temp_proxy_manager, tmp_path, tmp_path_factory, tmpdir, tmpdir_factory
>       use 'pytest --fixtures [testpath]' for help on them.

D:\project\claudewarp\tests\test_config.py:338
_ ERROR at setup of TestConfigManagerErrorHandling.test_load_config_permission_error _
file D:\project\claudewarp\tests\test_config.py, line 392
      @patch("builtins.open", side_effect=PermissionError("Permission denied"))
      def test_load_config_permission_error(self, mock_file, temp_config_dir):
E       fixture 'temp_config_dir' not found
>       available fixtures: cache, capfd, capfdbinary, caplog, capsys, capsysbinary, capteesys, class_mocker, cov, doctest_namespace, mocker, module_mocker, monkeypatch, no_cover, package_mocker, pytestconfig, record_property, record_testsuite_property, record_xml_attribute, recwarn, sample_config, sample_proxy, session_mocker, temp_config_manager, temp_dir, temp_proxy_manager, tmp_path, tmp_path_factory, tmpdir, tmpdir_factory
>       use 'pytest --fixtures [testpath]' for help on them.

D:\project\claudewarp\tests\test_config.py:392
_ ERROR at setup of TestConfigManagerErrorHandling.test_save_config_permission_error _
file D:\project\claudewarp\tests\test_config.py, line 404
      @patch("builtins.open", side_effect=PermissionError("Permission denied"))
      def test_save_config_permission_error(self, mock_file, temp_config_dir):
E       fixture 'temp_config_dir' not found
>       available fixtures: cache, capfd, capfdbinary, caplog, capsys, capsysbinary, capteesys, class_mocker, cov, doctest_namespace, mocker, module_mocker, monkeypatch, no_cover, package_mocker, pytestconfig, record_property, record_testsuite_property, record_xml_attribute, recwarn, sample_config, sample_proxy, session_mocker, temp_config_manager, temp_dir, temp_proxy_manager, tmp_path, tmp_path_factory, tmpdir, tmpdir_factory
>       use 'pytest --fixtures [testpath]' for help on them.

D:\project\claudewarp\tests\test_config.py:404
_ ERROR at setup of TestApplicationIntegration.test_end_to_end_proxy_management _
tests\test_integration.py:33: in integrated_manager
    return ProxyManager(config_manager=config_manager)
           ^^^^^^^^^^^^^^^^^^^^^^^^^^^^^^^^^^^^^^^^^^^
E   TypeError: ProxyManager.__init__() got an unexpected keyword argument 'config_manager'
_ ERROR at setup of TestApplicationIntegration.test_error_recovery_and_validation _
tests\test_integration.py:33: in integrated_manager
    return ProxyManager(config_manager=config_manager)
           ^^^^^^^^^^^^^^^^^^^^^^^^^^^^^^^^^^^^^^^^^^^
E   TypeError: ProxyManager.__init__() got an unexpected keyword argument 'config_manager'
_ ERROR at setup of TestApplicationIntegration.test_statistics_and_monitoring _
tests\test_integration.py:33: in integrated_manager
    return ProxyManager(config_manager=config_manager)
           ^^^^^^^^^^^^^^^^^^^^^^^^^^^^^^^^^^^^^^^^^^^
E   TypeError: ProxyManager.__init__() got an unexpected keyword argument 'config_manager'
_ ERROR at setup of TestApplicationIntegration.test_export_functionality_comprehensive _
tests\test_integration.py:33: in integrated_manager
    return ProxyManager(config_manager=config_manager)
           ^^^^^^^^^^^^^^^^^^^^^^^^^^^^^^^^^^^^^^^^^^^
E   TypeError: ProxyManager.__init__() got an unexpected keyword argument 'config_manager'
_ ERROR at setup of TestPerformanceRequirements.test_config_load_performance __
file D:\project\claudewarp\tests\test_integration.py, line 369
      def test_config_load_performance(self, temp_config_dir):
E       fixture 'temp_config_dir' not found
>       available fixtures: cache, capfd, capfdbinary, caplog, capsys, capsysbinary, capteesys, class_mocker, cov, doctest_namespace, mocker, module_mocker, monkeypatch, no_cover, package_mocker, pytestconfig, record_property, record_testsuite_property, record_xml_attribute, recwarn, sample_config, sample_proxy, session_mocker, temp_config_manager, temp_dir, temp_proxy_manager, tmp_path, tmp_path_factory, tmpdir, tmpdir_factory
>       use 'pytest --fixtures [testpath]' for help on them.

D:\project\claudewarp\tests\test_integration.py:369
_ ERROR at setup of TestPerformanceRequirements.test_proxy_switch_performance _
file D:\project\claudewarp\tests\test_integration.py, line 395
      def test_proxy_switch_performance(self, integrated_manager):
E       fixture 'integrated_manager' not found
>       available fixtures: cache, capfd, capfdbinary, caplog, capsys, capsysbinary, capteesys, class_mocker, cov, doctest_namespace, mocker, module_mocker, monkeypatch, no_cover, package_mocker, pytestconfig, record_property, record_testsuite_property, record_xml_attribute, recwarn, sample_config, sample_proxy, session_mocker, temp_config_manager, temp_dir, temp_proxy_manager, tmp_path, tmp_path_factory, tmpdir, tmpdir_factory
>       use 'pytest --fixtures [testpath]' for help on them.

D:\project\claudewarp\tests\test_integration.py:395
__ ERROR at setup of TestFullApplicationWorkflow.test_complete_user_workflow __
file D:\project\claudewarp\tests\test_integration.py, line 421
      def test_complete_user_workflow(self, temp_config_dir):
E       fixture 'temp_config_dir' not found
>       available fixtures: cache, capfd, capfdbinary, caplog, capsys, capsysbinary, capteesys, class_mocker, cov, doctest_namespace, mocker, module_mocker, monkeypatch, no_cover, package_mocker, pytestconfig, record_property, record_testsuite_property, record_xml_attribute, recwarn, sample_config, sample_proxy, session_mocker, temp_config_manager, temp_dir, temp_proxy_manager, tmp_path, tmp_path_factory, tmpdir, tmpdir_factory
>       use 'pytest --fixtures [testpath]' for help on them.

D:\project\claudewarp\tests\test_integration.py:421
____ ERROR at setup of TestProxyManager.test_config_property_lazy_loading _____
tests\test_manager.py:38: in temp_manager
    return ProxyManager(config_manager=config_manager)
           ^^^^^^^^^^^^^^^^^^^^^^^^^^^^^^^^^^^^^^^^^^^
E   TypeError: ProxyManager.__init__() got an unexpected keyword argument 'config_manager'
___________ ERROR at setup of TestProxyManager.test_refresh_config ____________
tests\test_manager.py:38: in temp_manager
    return ProxyManager(config_manager=config_manager)
           ^^^^^^^^^^^^^^^^^^^^^^^^^^^^^^^^^^^^^^^^^^^
E   TypeError: ProxyManager.__init__() got an unexpected keyword argument 'config_manager'
__________ ERROR at setup of TestProxyManager.test_add_proxy_success __________
tests\test_manager.py:38: in temp_manager
    return ProxyManager(config_manager=config_manager)
           ^^^^^^^^^^^^^^^^^^^^^^^^^^^^^^^^^^^^^^^^^^^
E   TypeError: ProxyManager.__init__() got an unexpected keyword argument 'config_manager'
_________ ERROR at setup of TestProxyManager.test_add_proxy_duplicate _________
tests\test_manager.py:38: in temp_manager
    return ProxyManager(config_manager=config_manager)
           ^^^^^^^^^^^^^^^^^^^^^^^^^^^^^^^^^^^^^^^^^^^
E   TypeError: ProxyManager.__init__() got an unexpected keyword argument 'config_manager'
__________ ERROR at setup of TestProxyManager.test_add_proxy_invalid __________
tests\test_manager.py:38: in temp_manager
    return ProxyManager(config_manager=config_manager)
           ^^^^^^^^^^^^^^^^^^^^^^^^^^^^^^^^^^^^^^^^^^^
E   TypeError: ProxyManager.__init__() got an unexpected keyword argument 'config_manager'
________ ERROR at setup of TestProxyManager.test_remove_proxy_success _________
tests\test_manager.py:38: in temp_manager
    return ProxyManager(config_manager=config_manager)
           ^^^^^^^^^^^^^^^^^^^^^^^^^^^^^^^^^^^^^^^^^^^
E   TypeError: ProxyManager.__init__() got an unexpected keyword argument 'config_manager'
_______ ERROR at setup of TestProxyManager.test_remove_proxy_not_found ________
tests\test_manager.py:38: in temp_manager
    return ProxyManager(config_manager=config_manager)
           ^^^^^^^^^^^^^^^^^^^^^^^^^^^^^^^^^^^^^^^^^^^
E   TypeError: ProxyManager.__init__() got an unexpected keyword argument 'config_manager'
__ ERROR at setup of TestProxyManager.test_remove_current_proxy_with_others ___
tests\test_manager.py:38: in temp_manager
    return ProxyManager(config_manager=config_manager)
           ^^^^^^^^^^^^^^^^^^^^^^^^^^^^^^^^^^^^^^^^^^^
E   TypeError: ProxyManager.__init__() got an unexpected keyword argument 'config_manager'
________ ERROR at setup of TestProxyManager.test_switch_proxy_success _________
tests\test_manager.py:38: in temp_manager
    return ProxyManager(config_manager=config_manager)
           ^^^^^^^^^^^^^^^^^^^^^^^^^^^^^^^^^^^^^^^^^^^
E   TypeError: ProxyManager.__init__() got an unexpected keyword argument 'config_manager'
_______ ERROR at setup of TestProxyManager.test_switch_proxy_not_found ________
tests\test_manager.py:38: in temp_manager
    return ProxyManager(config_manager=config_manager)
           ^^^^^^^^^^^^^^^^^^^^^^^^^^^^^^^^^^^^^^^^^^^
E   TypeError: ProxyManager.__init__() got an unexpected keyword argument 'config_manager'
________ ERROR at setup of TestProxyManager.test_switch_proxy_inactive ________
tests\test_manager.py:38: in temp_manager
    return ProxyManager(config_manager=config_manager)
           ^^^^^^^^^^^^^^^^^^^^^^^^^^^^^^^^^^^^^^^^^^^
E   TypeError: ProxyManager.__init__() got an unexpected keyword argument 'config_manager'
______ ERROR at setup of TestProxyManager.test_get_current_proxy_exists _______
tests\test_manager.py:38: in temp_manager
    return ProxyManager(config_manager=config_manager)
           ^^^^^^^^^^^^^^^^^^^^^^^^^^^^^^^^^^^^^^^^^^^
E   TypeError: ProxyManager.__init__() got an unexpected keyword argument 'config_manager'
_______ ERROR at setup of TestProxyManager.test_get_current_proxy_none ________
tests\test_manager.py:38: in temp_manager
    return ProxyManager(config_manager=config_manager)
           ^^^^^^^^^^^^^^^^^^^^^^^^^^^^^^^^^^^^^^^^^^^
E   TypeError: ProxyManager.__init__() got an unexpected keyword argument 'config_manager'
__________ ERROR at setup of TestProxyManager.test_get_proxy_success __________
tests\test_manager.py:38: in temp_manager
    return ProxyManager(config_manager=config_manager)
           ^^^^^^^^^^^^^^^^^^^^^^^^^^^^^^^^^^^^^^^^^^^
E   TypeError: ProxyManager.__init__() got an unexpected keyword argument 'config_manager'
_________ ERROR at setup of TestProxyManager.test_get_proxy_not_found _________
tests\test_manager.py:38: in temp_manager
    return ProxyManager(config_manager=config_manager)
           ^^^^^^^^^^^^^^^^^^^^^^^^^^^^^^^^^^^^^^^^^^^
E   TypeError: ProxyManager.__init__() got an unexpected keyword argument 'config_manager'
____ ERROR at setup of TestProxyManager.test_list_proxies_include_inactive ____
tests\test_manager.py:38: in temp_manager
    return ProxyManager(config_manager=config_manager)
           ^^^^^^^^^^^^^^^^^^^^^^^^^^^^^^^^^^^^^^^^^^^
E   TypeError: ProxyManager.__init__() got an unexpected keyword argument 'config_manager'
____ ERROR at setup of TestProxyManager.test_list_proxies_exclude_inactive ____
tests\test_manager.py:38: in temp_manager
    return ProxyManager(config_manager=config_manager)
           ^^^^^^^^^^^^^^^^^^^^^^^^^^^^^^^^^^^^^^^^^^^
E   TypeError: ProxyManager.__init__() got an unexpected keyword argument 'config_manager'
___________ ERROR at setup of TestProxyManager.test_get_proxy_names ___________
tests\test_manager.py:38: in temp_manager
    return ProxyManager(config_manager=config_manager)
           ^^^^^^^^^^^^^^^^^^^^^^^^^^^^^^^^^^^^^^^^^^^
E   TypeError: ProxyManager.__init__() got an unexpected keyword argument 'config_manager'
________ ERROR at setup of TestProxyManager.test_update_proxy_success _________
tests\test_manager.py:38: in temp_manager
    return ProxyManager(config_manager=config_manager)
           ^^^^^^^^^^^^^^^^^^^^^^^^^^^^^^^^^^^^^^^^^^^
E   TypeError: ProxyManager.__init__() got an unexpected keyword argument 'config_manager'
______ ERROR at setup of TestProxyManager.test_update_proxy_name_change _______
tests\test_manager.py:38: in temp_manager
    return ProxyManager(config_manager=config_manager)
           ^^^^^^^^^^^^^^^^^^^^^^^^^^^^^^^^^^^^^^^^^^^
E   TypeError: ProxyManager.__init__() got an unexpected keyword argument 'config_manager'
_____ ERROR at setup of TestProxyManager.test_update_proxy_name_conflict ______
tests\test_manager.py:38: in temp_manager
    return ProxyManager(config_manager=config_manager)
           ^^^^^^^^^^^^^^^^^^^^^^^^^^^^^^^^^^^^^^^^^^^
E   TypeError: ProxyManager.__init__() got an unexpected keyword argument 'config_manager'
_______ ERROR at setup of TestProxyManager.test_update_proxy_not_found ________
tests\test_manager.py:38: in temp_manager
    return ProxyManager(config_manager=config_manager)
           ^^^^^^^^^^^^^^^^^^^^^^^^^^^^^^^^^^^^^^^^^^^
E   TypeError: ProxyManager.__init__() got an unexpected keyword argument 'config_manager'
_________ ERROR at setup of TestProxyManager.test_toggle_proxy_status _________
tests\test_manager.py:38: in temp_manager
    return ProxyManager(config_manager=config_manager)
           ^^^^^^^^^^^^^^^^^^^^^^^^^^^^^^^^^^^^^^^^^^^
E   TypeError: ProxyManager.__init__() got an unexpected keyword argument 'config_manager'
_______ ERROR at setup of TestProxyManager.test_search_proxies_by_name ________
tests\test_manager.py:38: in temp_manager
    return ProxyManager(config_manager=config_manager)
           ^^^^^^^^^^^^^^^^^^^^^^^^^^^^^^^^^^^^^^^^^^^
E   TypeError: ProxyManager.__init__() got an unexpected keyword argument 'config_manager'
____ ERROR at setup of TestProxyManager.test_search_proxies_by_description ____
tests\test_manager.py:38: in temp_manager
    return ProxyManager(config_manager=config_manager)
           ^^^^^^^^^^^^^^^^^^^^^^^^^^^^^^^^^^^^^^^^^^^
E   TypeError: ProxyManager.__init__() got an unexpected keyword argument 'config_manager'
_______ ERROR at setup of TestProxyManager.test_search_proxies_by_tags ________
tests\test_manager.py:38: in temp_manager
    return ProxyManager(config_manager=config_manager)
           ^^^^^^^^^^^^^^^^^^^^^^^^^^^^^^^^^^^^^^^^^^^
E   TypeError: ProxyManager.__init__() got an unexpected keyword argument 'config_manager'
____ ERROR at setup of TestProxyManager.test_search_proxies_custom_fields _____
tests\test_manager.py:38: in temp_manager
    return ProxyManager(config_manager=config_manager)
           ^^^^^^^^^^^^^^^^^^^^^^^^^^^^^^^^^^^^^^^^^^^
E   TypeError: ProxyManager.__init__() got an unexpected keyword argument 'config_manager'
___________ ERROR at setup of TestProxyManager.test_get_statistics ____________
tests\test_manager.py:38: in temp_manager
    return ProxyManager(config_manager=config_manager)
           ^^^^^^^^^^^^^^^^^^^^^^^^^^^^^^^^^^^^^^^^^^^
E   TypeError: ProxyManager.__init__() got an unexpected keyword argument 'config_manager'
___ ERROR at setup of TestProxyManager.test_validate_proxy_connection_valid ___
tests\test_manager.py:38: in temp_manager
    return ProxyManager(config_manager=config_manager)
           ^^^^^^^^^^^^^^^^^^^^^^^^^^^^^^^^^^^^^^^^^^^
E   TypeError: ProxyManager.__init__() got an unexpected keyword argument 'config_manager'
_ ERROR at setup of TestProxyManager.test_validate_proxy_connection_invalid_url _
tests\test_manager.py:38: in temp_manager
    return ProxyManager(config_manager=config_manager)
           ^^^^^^^^^^^^^^^^^^^^^^^^^^^^^^^^^^^^^^^^^^^
E   TypeError: ProxyManager.__init__() got an unexpected keyword argument 'config_manager'
_ ERROR at setup of TestProxyManager.test_validate_proxy_connection_not_found _
tests\test_manager.py:38: in temp_manager
    return ProxyManager(config_manager=config_manager)
           ^^^^^^^^^^^^^^^^^^^^^^^^^^^^^^^^^^^^^^^^^^^
E   TypeError: ProxyManager.__init__() got an unexpected keyword argument 'config_manager'
____________ ERROR at setup of TestProxyManager.test_backup_config ____________
tests\test_manager.py:38: in temp_manager
    return ProxyManager(config_manager=config_manager)
           ^^^^^^^^^^^^^^^^^^^^^^^^^^^^^^^^^^^^^^^^^^^
E   TypeError: ProxyManager.__init__() got an unexpected keyword argument 'config_manager'
___________ ERROR at setup of TestProxyManager.test_get_proxy_count ___________
tests\test_manager.py:38: in temp_manager
    return ProxyManager(config_manager=config_manager)
           ^^^^^^^^^^^^^^^^^^^^^^^^^^^^^^^^^^^^^^^^^^^
E   TypeError: ProxyManager.__init__() got an unexpected keyword argument 'config_manager'
_____________ ERROR at setup of TestProxyManager.test_has_proxies _____________
tests\test_manager.py:38: in temp_manager
    return ProxyManager(config_manager=config_manager)
           ^^^^^^^^^^^^^^^^^^^^^^^^^^^^^^^^^^^^^^^^^^^
E   TypeError: ProxyManager.__init__() got an unexpected keyword argument 'config_manager'
__________ ERROR at setup of TestProxyManager.test_has_current_proxy __________
tests\test_manager.py:38: in temp_manager
    return ProxyManager(config_manager=config_manager)
           ^^^^^^^^^^^^^^^^^^^^^^^^^^^^^^^^^^^^^^^^^^^
E   TypeError: ProxyManager.__init__() got an unexpected keyword argument 'config_manager'
_ ERROR at setup of TestProxyManagerExport.test_export_environment_bash_default _
file D:\project\claudewarp\tests\test_manager.py, line 533
      def test_export_environment_bash_default(self, temp_manager_with_proxy):
file D:\project\claudewarp\tests\test_manager.py, line 516
      @pytest.fixture
      def temp_manager_with_proxy(self, temp_config_dir):
E       fixture 'temp_config_dir' not found
>       available fixtures: cache, capfd, capfdbinary, caplog, capsys, capsysbinary, capteesys, class_mocker, cov, doctest_namespace, mocker, module_mocker, monkeypatch, no_cover, package_mocker, pytestconfig, record_property, record_testsuite_property, record_xml_attribute, recwarn, sample_config, sample_proxy, session_mocker, temp_config_manager, temp_dir, temp_manager_with_proxy, temp_proxy_manager, tmp_path, tmp_path_factory, tmpdir, tmpdir_factory
>       use 'pytest --fixtures [testpath]' for help on them.

D:\project\claudewarp\tests\test_manager.py:516
_ ERROR at setup of TestProxyManagerExport.test_export_environment_bash_custom_format _
file D:\project\claudewarp\tests\test_manager.py, line 543
      def test_export_environment_bash_custom_format(self, temp_manager_with_proxy):
file D:\project\claudewarp\tests\test_manager.py, line 516
      @pytest.fixture
      def temp_manager_with_proxy(self, temp_config_dir):
E       fixture 'temp_config_dir' not found
>       available fixtures: cache, capfd, capfdbinary, caplog, capsys, capsysbinary, capteesys, class_mocker, cov, doctest_namespace, mocker, module_mocker, monkeypatch, no_cover, package_mocker, pytestconfig, record_property, record_testsuite_property, record_xml_attribute, recwarn, sample_config, sample_proxy, session_mocker, temp_config_manager, temp_dir, temp_manager_with_proxy, temp_proxy_manager, tmp_path, tmp_path_factory, tmpdir, tmpdir_factory
>       use 'pytest --fixtures [testpath]' for help on them.

D:\project\claudewarp\tests\test_manager.py:516
____ ERROR at setup of TestProxyManagerExport.test_export_environment_fish ____
file D:\project\claudewarp\tests\test_manager.py, line 553
      def test_export_environment_fish(self, temp_manager_with_proxy):
file D:\project\claudewarp\tests\test_manager.py, line 516
      @pytest.fixture
      def temp_manager_with_proxy(self, temp_config_dir):
E       fixture 'temp_config_dir' not found
>       available fixtures: cache, capfd, capfdbinary, caplog, capsys, capsysbinary, capteesys, class_mocker, cov, doctest_namespace, mocker, module_mocker, monkeypatch, no_cover, package_mocker, pytestconfig, record_property, record_testsuite_property, record_xml_attribute, recwarn, sample_config, sample_proxy, session_mocker, temp_config_manager, temp_dir, temp_manager_with_proxy, temp_proxy_manager, tmp_path, tmp_path_factory, tmpdir, tmpdir_factory
>       use 'pytest --fixtures [testpath]' for help on them.

D:\project\claudewarp\tests\test_manager.py:516
_ ERROR at setup of TestProxyManagerExport.test_export_environment_powershell _
file D:\project\claudewarp\tests\test_manager.py, line 563
      def test_export_environment_powershell(self, temp_manager_with_proxy):
file D:\project\claudewarp\tests\test_manager.py, line 516
      @pytest.fixture
      def temp_manager_with_proxy(self, temp_config_dir):
E       fixture 'temp_config_dir' not found
>       available fixtures: cache, capfd, capfdbinary, caplog, capsys, capsysbinary, capteesys, class_mocker, cov, doctest_namespace, mocker, module_mocker, monkeypatch, no_cover, package_mocker, pytestconfig, record_property, record_testsuite_property, record_xml_attribute, recwarn, sample_config, sample_proxy, session_mocker, temp_config_manager, temp_dir, temp_manager_with_proxy, temp_proxy_manager, tmp_path, tmp_path_factory, tmpdir, tmpdir_factory
>       use 'pytest --fixtures [testpath]' for help on them.

D:\project\claudewarp\tests\test_manager.py:516
____ ERROR at setup of TestProxyManagerExport.test_export_environment_zsh _____
file D:\project\claudewarp\tests\test_manager.py, line 573
      def test_export_environment_zsh(self, temp_manager_with_proxy):
file D:\project\claudewarp\tests\test_manager.py, line 516
      @pytest.fixture
      def temp_manager_with_proxy(self, temp_config_dir):
E       fixture 'temp_config_dir' not found
>       available fixtures: cache, capfd, capfdbinary, caplog, capsys, capsysbinary, capteesys, class_mocker, cov, doctest_namespace, mocker, module_mocker, monkeypatch, no_cover, package_mocker, pytestconfig, record_property, record_testsuite_property, record_xml_attribute, recwarn, sample_config, sample_proxy, session_mocker, temp_config_manager, temp_dir, temp_manager_with_proxy, temp_proxy_manager, tmp_path, tmp_path_factory, tmpdir, tmpdir_factory
>       use 'pytest --fixtures [testpath]' for help on them.

D:\project\claudewarp\tests\test_manager.py:516
_ ERROR at setup of TestProxyManagerExport.test_export_environment_unsupported_shell _
file D:\project\claudewarp\tests\test_manager.py, line 583
      def test_export_environment_unsupported_shell(self, temp_manager_with_proxy):
file D:\project\claudewarp\tests\test_manager.py, line 516
      @pytest.fixture
      def temp_manager_with_proxy(self, temp_config_dir):
E       fixture 'temp_config_dir' not found
>       available fixtures: cache, capfd, capfdbinary, caplog, capsys, capsysbinary, capteesys, class_mocker, cov, doctest_namespace, mocker, module_mocker, monkeypatch, no_cover, package_mocker, pytestconfig, record_property, record_testsuite_property, record_xml_attribute, recwarn, sample_config, sample_proxy, session_mocker, temp_config_manager, temp_dir, temp_manager_with_proxy, temp_proxy_manager, tmp_path, tmp_path_factory, tmpdir, tmpdir_factory
>       use 'pytest --fixtures [testpath]' for help on them.

D:\project\claudewarp\tests\test_manager.py:516
_ ERROR at setup of TestProxyManagerExport.test_export_environment_specific_proxy _
file D:\project\claudewarp\tests\test_manager.py, line 592
      def test_export_environment_specific_proxy(self, temp_manager_with_proxy):
file D:\project\claudewarp\tests\test_manager.py, line 516
      @pytest.fixture
      def temp_manager_with_proxy(self, temp_config_dir):
E       fixture 'temp_config_dir' not found
>       available fixtures: cache, capfd, capfdbinary, caplog, capsys, capsysbinary, capteesys, class_mocker, cov, doctest_namespace, mocker, module_mocker, monkeypatch, no_cover, package_mocker, pytestconfig, record_property, record_testsuite_property, record_xml_attribute, recwarn, sample_config, sample_proxy, session_mocker, temp_config_manager, temp_dir, temp_manager_with_proxy, temp_proxy_manager, tmp_path, tmp_path_factory, tmpdir, tmpdir_factory
>       use 'pytest --fixtures [testpath]' for help on them.

D:\project\claudewarp\tests\test_manager.py:516
_ ERROR at setup of TestProxyManagerExport.test_export_environment_no_current_proxy _
file D:\project\claudewarp\tests\test_manager.py, line 606
      def test_export_environment_no_current_proxy(self, temp_config_dir):
E       fixture 'temp_config_dir' not found
>       available fixtures: cache, capfd, capfdbinary, caplog, capsys, capsysbinary, capteesys, class_mocker, cov, doctest_namespace, mocker, module_mocker, monkeypatch, no_cover, package_mocker, pytestconfig, record_property, record_testsuite_property, record_xml_attribute, recwarn, sample_config, sample_proxy, session_mocker, temp_config_manager, temp_dir, temp_manager_with_proxy, temp_proxy_manager, tmp_path, tmp_path_factory, tmpdir, tmpdir_factory
>       use 'pytest --fixtures [testpath]' for help on them.

D:\project\claudewarp\tests\test_manager.py:606
_ ERROR at setup of TestProxyManagerExport.test_export_environment_proxy_not_found _
file D:\project\claudewarp\tests\test_manager.py, line 615
      def test_export_environment_proxy_not_found(self, temp_manager_with_proxy):
file D:\project\claudewarp\tests\test_manager.py, line 516
      @pytest.fixture
      def temp_manager_with_proxy(self, temp_config_dir):
E       fixture 'temp_config_dir' not found
>       available fixtures: cache, capfd, capfdbinary, caplog, capsys, capsysbinary, capteesys, class_mocker, cov, doctest_namespace, mocker, module_mocker, monkeypatch, no_cover, package_mocker, pytestconfig, record_property, record_testsuite_property, record_xml_attribute, recwarn, sample_config, sample_proxy, session_mocker, temp_config_manager, temp_dir, temp_manager_with_proxy, temp_proxy_manager, tmp_path, tmp_path_factory, tmpdir, tmpdir_factory
>       use 'pytest --fixtures [testpath]' for help on them.

D:\project\claudewarp\tests\test_manager.py:516
_____ ERROR at setup of TestBuiltinProxies.test_cannot_add_reserved_name ______
file D:\project\claudewarp\tests\test_manager.py, line 703
      def test_cannot_add_reserved_name(self, temp_manager):
E       fixture 'temp_manager' not found
>       available fixtures: cache, capfd, capfdbinary, caplog, capsys, capsysbinary, capteesys, class_mocker, cov, doctest_namespace, mocker, module_mocker, monkeypatch, no_cover, package_mocker, pytestconfig, record_property, record_testsuite_property, record_xml_attribute, recwarn, sample_config, sample_proxy, session_mocker, temp_config_manager, temp_dir, temp_proxy_manager, tmp_path, tmp_path_factory, tmpdir, tmpdir_factory
>       use 'pytest --fixtures [testpath]' for help on them.

D:\project\claudewarp\tests\test_manager.py:703
_________ ERROR at setup of TestBuiltinProxies.test_get_builtin_proxy _________
file D:\project\claudewarp\tests\test_manager.py, line 714
      def test_get_builtin_proxy(self, temp_manager):
E       fixture 'temp_manager' not found
>       available fixtures: cache, capfd, capfdbinary, caplog, capsys, capsysbinary, capteesys, class_mocker, cov, doctest_namespace, mocker, module_mocker, monkeypatch, no_cover, package_mocker, pytestconfig, record_property, record_testsuite_property, record_xml_attribute, recwarn, sample_config, sample_proxy, session_mocker, temp_config_manager, temp_dir, temp_proxy_manager, tmp_path, tmp_path_factory, tmpdir, tmpdir_factory
>       use 'pytest --fixtures [testpath]' for help on them.

D:\project\claudewarp\tests\test_manager.py:714
___ ERROR at setup of TestBuiltinProxies.test_list_proxies_includes_builtin ___
file D:\project\claudewarp\tests\test_manager.py, line 721
      def test_list_proxies_includes_builtin(self, temp_manager):
E       fixture 'temp_manager' not found
>       available fixtures: cache, capfd, capfdbinary, caplog, capsys, capsysbinary, capteesys, class_mocker, cov, doctest_namespace, mocker, module_mocker, monkeypatch, no_cover, package_mocker, pytestconfig, record_property, record_testsuite_property, record_xml_attribute, recwarn, sample_config, sample_proxy, session_mocker, temp_config_manager, temp_dir, temp_proxy_manager, tmp_path, tmp_path_factory, tmpdir, tmpdir_factory
>       use 'pytest --fixtures [testpath]' for help on them.

D:\project\claudewarp\tests\test_manager.py:721
________ ERROR at setup of TestBuiltinProxies.test_switch_to_no_proxy _________
file D:\project\claudewarp\tests\test_manager.py, line 738
      @patch('claudewarp.core.manager.ProxyManager._clear_claude_code_config')
      def test_switch_to_no_proxy(self, mock_clear_config, temp_manager):
E       fixture 'temp_manager' not found
>       available fixtures: cache, capfd, capfdbinary, caplog, capsys, capsysbinary, capteesys, class_mocker, cov, doctest_namespace, mocker, module_mocker, monkeypatch, no_cover, package_mocker, pytestconfig, record_property, record_testsuite_property, record_xml_attribute, recwarn, sample_config, sample_proxy, session_mocker, temp_config_manager, temp_dir, temp_proxy_manager, tmp_path, tmp_path_factory, tmpdir, tmpdir_factory
>       use 'pytest --fixtures [testpath]' for help on them.

D:\project\claudewarp\tests\test_manager.py:738
__ ERROR at setup of TestBuiltinProxies.test_clear_claude_code_config_called __
file D:\project\claudewarp\tests\test_manager.py, line 762
      @patch('claudewarp.core.manager.ProxyManager._clear_claude_code_config')
      def test_clear_claude_code_config_called(self, mock_clear_config, temp_manager):
E       fixture 'temp_manager' not found
>       available fixtures: cache, capfd, capfdbinary, caplog, capsys, capsysbinary, capteesys, class_mocker, cov, doctest_namespace, mocker, module_mocker, monkeypatch, no_cover, package_mocker, pytestconfig, record_property, record_testsuite_property, record_xml_attribute, recwarn, sample_config, sample_proxy, session_mocker, temp_config_manager, temp_dir, temp_proxy_manager, tmp_path, tmp_path_factory, tmpdir, tmpdir_factory
>       use 'pytest --fixtures [testpath]' for help on them.

D:\project\claudewarp\tests\test_manager.py:762
__ ERROR at setup of TestBuiltinProxies.test_clear_claude_code_config_method __
file D:\project\claudewarp\tests\test_manager.py, line 770
      def test_clear_claude_code_config_method(self, temp_manager):
E       fixture 'temp_manager' not found
>       available fixtures: cache, capfd, capfdbinary, caplog, capsys, capsysbinary, capteesys, class_mocker, cov, doctest_namespace, mocker, module_mocker, monkeypatch, no_cover, package_mocker, pytestconfig, record_property, record_testsuite_property, record_xml_attribute, recwarn, sample_config, sample_proxy, session_mocker, temp_config_manager, temp_dir, temp_proxy_manager, tmp_path, tmp_path_factory, tmpdir, tmpdir_factory
>       use 'pytest --fixtures [testpath]' for help on them.

D:\project\claudewarp\tests\test_manager.py:770
================================== FAILURES ===================================
__________________ TestCLIFormatters.test_format_proxy_table __________________
tests\test_cli.py:800: in test_format_proxy_table
    assert table.title == ""
E   AssertionError: assert '' == ''
E     
E     - 
E     ?     -
E     + 
__________________ TestCLIFormatters.test_format_proxy_info ___________________
tests\test_cli.py:814: in test_format_proxy_info
    assert "test-proxy" in str(panel)
E   AssertionError: assert 'test-proxy' in '<rich.panel.Panel object at 0x00000225C25C85D0>'
E    +  where '<rich.panel.Panel object at 0x00000225C25C85D0>' = str(<rich.panel.Panel object at 0x00000225C25C85D0>)
_______________ TestCLIFormatters.test_format_proxy_info_simple _______________
tests\test_cli.py:821: in test_format_proxy_info_simple
    assert "test-proxy" in str(panel)
E   AssertionError: assert 'test-proxy' in '<rich.panel.Panel object at 0x00000225C2D40350>'
E    +  where '<rich.panel.Panel object at 0x00000225C2D40350>' = str(<rich.panel.Panel object at 0x00000225C2D40350>)
________________________ TestCLIMain.test_main_success ________________________
tests\test_cli.py:850: in test_main_success
    with patch("claudewarp.cli.main.typer_main") as mock_typer_main:
C:\Users\ChronWang\.conda\envs\cwnev\Lib\unittest\mock.py:1446: in __enter__
    original, local = self.get_original()
                      ^^^^^^^^^^^^^^^^^^^
C:\Users\ChronWang\.conda\envs\cwnev\Lib\unittest\mock.py:1419: in get_original
    raise AttributeError(
E   AttributeError: <module 'claudewarp.cli.main' from 'D:\\project\\claudewarp\\claudewarp\\cli\\main.py'> does not have the attribute 'typer_main'
__________________ TestCLIMain.test_main_keyboard_interrupt ___________________
tests\test_cli.py:858: in test_main_keyboard_interrupt
    with patch("claudewarp.cli.main.typer_main", side_effect=KeyboardInterrupt()):
C:\Users\ChronWang\.conda\envs\cwnev\Lib\unittest\mock.py:1446: in __enter__
    original, local = self.get_original()
                      ^^^^^^^^^^^^^^^^^^^
C:\Users\ChronWang\.conda\envs\cwnev\Lib\unittest\mock.py:1419: in get_original
    raise AttributeError(
E   AttributeError: <module 'claudewarp.cli.main' from 'D:\\project\\claudewarp\\claudewarp\\cli\\main.py'> does not have the attribute 'typer_main'
_______________________ TestCLIMain.test_main_exception _______________________
tests\test_cli.py:865: in test_main_exception
    with patch("claudewarp.cli.main.typer_main", side_effect=Exception("")):
C:\Users\ChronWang\.conda\envs\cwnev\Lib\unittest\mock.py:1446: in __enter__
    original, local = self.get_original()
                      ^^^^^^^^^^^^^^^^^^^
C:\Users\ChronWang\.conda\envs\cwnev\Lib\unittest\mock.py:1419: in get_original
    raise AttributeError(
E   AttributeError: <module 'claudewarp.cli.main' from 'D:\\project\\claudewarp\\claudewarp\\cli\\main.py'> does not have the attribute 'typer_main'
_________ TestAdditionalCLICommands.test_export_command_invalid_shell _________
tests\test_cli.py:919: in test_export_command_invalid_shell
    assert result.exit_code == 0
E   assert 1 == 0
E    +  where 1 = <Result SystemExit(1)>.exit_code
---------------------------- Captured stderr call -----------------------------
[31m[ERROR] [0m18:11:38: : 1 validation error for ExportFormat
shell_type
  Value error, Shell: invalid. : powershell, zsh, bash, fish [type=value_error, input_value='invalid', input_type=str]
    For further information visit https://errors.pydantic.dev/2.11/v/value_error[0m
------------------------------ Captured log call ------------------------------
ERROR    claudewarp.cli.commands:commands.py:463 : 1 validation error for ExportFormat
shell_type
  Value error, Shell: invalid. : powershell, zsh, bash, fish [type=value_error, input_value='invalid', input_type=str]
    For further information visit https://errors.pydantic.dev/2.11/v/value_error
__________ TestAdditionalCLICommands.test_list_command_with_long_url __________
tests\test_cli.py:941: in test_list_command_with_long_url
    assert "long-url-proxy" in result.stdout
E   AssertionError: assert 'long-url-proxy' in '                                                                   \n...  proxy             18:11      \n\n'
E    +  where '                                                                   \n...  proxy             18:11      \n\n' = <Result okay>.stdout
________ TestAdditionalCLICommands.test_add_command_validation_errors _________
tests\test_cli.py:998: in test_add_command_validation_errors
    assert result.exit_code == 1
E   assert 2 == 1
E    +  where 2 = <Result SystemExit(2)>.exit_code
_________________ TestConfigManager.test_save_config_invalid __________________
tests\test_config.py:163: in test_save_config_invalid
    config.current_proxy = "nonexistent"
    ^^^^^^^^^^^^^^^^^^^^
C:\Users\ChronWang\.conda\envs\cwnev\Lib\site-packages\pydantic\main.py:998: in __setattr__
    setattr_handler(self, name, value)  # call here to not memo on possibly unknown fields
    ^^^^^^^^^^^^^^^^^^^^^^^^^^^^^^^^^^
C:\Users\ChronWang\.conda\envs\cwnev\Lib\site-packages\pydantic\main.py:114: in <lambda>
    'validate_assignment': lambda model, name, val: model.__pydantic_validator__.validate_assignment(model, name, val),  # pyright: ignore[reportAssignmentType]
                                                    ^^^^^^^^^^^^^^^^^^^^^^^^^^^^^^^^^^^^^^^^^^^^^^^^^^^^^^^^^^^^^^^^^^
E   pydantic_core._pydantic_core.ValidationError: 1 validation error for ProxyConfig
E   current_proxy
E     Value error,  "nonexistent"  [type=value_error, input_value='nonexistent', input_type=str]
E       For further information visit https://errors.pydantic.dev/2.11/v/value_error
________ TestConfigManager.test_validate_config_invalid_current_proxy _________
tests\test_config.py:275: in test_validate_config_invalid_current_proxy
    config.current_proxy = "nonexistent"  # 
    ^^^^^^^^^^^^^^^^^^^^
C:\Users\ChronWang\.conda\envs\cwnev\Lib\site-packages\pydantic\main.py:998: in __setattr__
    setattr_handler(self, name, value)  # call here to not memo on possibly unknown fields
    ^^^^^^^^^^^^^^^^^^^^^^^^^^^^^^^^^^
C:\Users\ChronWang\.conda\envs\cwnev\Lib\site-packages\pydantic\main.py:114: in <lambda>
    'validate_assignment': lambda model, name, val: model.__pydantic_validator__.validate_assignment(model, name, val),  # pyright: ignore[reportAssignmentType]
                                                    ^^^^^^^^^^^^^^^^^^^^^^^^^^^^^^^^^^^^^^^^^^^^^^^^^^^^^^^^^^^^^^^^^^
E   pydantic_core._pydantic_core.ValidationError: 1 validation error for ProxyConfig
E   current_proxy
E     Value error,  "nonexistent"  [type=value_error, input_value='nonexistent', input_type=str]
E       For further information visit https://errors.pydantic.dev/2.11/v/value_error
________ TestConfigManagerErrorHandling.test_permission_error_handling ________
tests\test_config.py:386: in test_permission_error_handling
    with patch("core.config.ensure_directory") as mock_ensure:
C:\Users\ChronWang\.conda\envs\cwnev\Lib\unittest\mock.py:1430: in __enter__
    self.target = self.getter()
                  ^^^^^^^^^^^^^
C:\Users\ChronWang\.conda\envs\cwnev\Lib\pkgutil.py:700: in resolve_name
    mod = importlib.import_module(modname)
          ^^^^^^^^^^^^^^^^^^^^^^^^^^^^^^^^
C:\Users\ChronWang\.conda\envs\cwnev\Lib\importlib\__init__.py:126: in import_module
    return _bootstrap._gcd_import(name[level:], package, level)
           ^^^^^^^^^^^^^^^^^^^^^^^^^^^^^^^^^^^^^^^^^^^^^^^^^^^^
<frozen importlib._bootstrap>:1204: in _gcd_import
    ???
<frozen importlib._bootstrap>:1176: in _find_and_load
    ???
<frozen importlib._bootstrap>:1140: in _find_and_load_unlocked
    ???
E   ModuleNotFoundError: No module named 'core'
__________ TestApplicationIntegration.test_configuration_persistence __________
tests\test_integration.py:108: in test_configuration_persistence
    manager1 = ProxyManager(config_manager=config_manager1)
               ^^^^^^^^^^^^^^^^^^^^^^^^^^^^^^^^^^^^^^^^^^^^
E   TypeError: ProxyManager.__init__() got an unexpected keyword argument 'config_manager'
________ TestApplicationIntegration.test_concurrent_operations_safety _________
tests\test_integration.py:254: in test_concurrent_operations_safety
    manager1 = ProxyManager(ConfigManager(config_path=config_path))
               ^^^^^^^^^^^^^^^^^^^^^^^^^^^^^^^^^^^^^^^^^^^^^^^^^^^^
claudewarp\core\manager.py:57: in __init__
    self.config_manager = ConfigManager(
claudewarp\core\config.py:64: in __init__
    self._ensure_config_environment()
claudewarp\core\config.py:86: in _ensure_config_environment
    config_dir = self.config_path.parent
                 ^^^^^^^^^^^^^^^^^^^^^^^
E   AttributeError: 'ConfigManager' object has no attribute 'parent'
_________________ TestMainEntryPoints.test_main_py_structure __________________
tests\test_integration.py:287: in test_main_py_structure
    assert hasattr(main, "parse_arguments")
E   AssertionError: assert False
E    +  where False = hasattr(<module 'main' from 'D:\\project\\claudewarp\\main.py'>, 'parse_arguments')
___________ TestProxyManager.test_init_with_default_config_manager ____________
tests\test_manager.py:57: in test_init_with_default_config_manager
    assert manager._config is None
E   AssertionError: assert ProxyConfig(version='1.0', current_proxy=None, proxies={}, settings={'auto_backup': True, 'max_backups': 5, 'check_updates': True, 'theme': 'auto'}, created_at='2025-07-30T16:45:35.548576', updated_at='2025-07-30T18:11:38.505846') is None
E    +  where ProxyConfig(version='1.0', current_proxy=None, proxies={}, settings={'auto_backup': True, 'max_backups': 5, 'check_updates': True, 'theme': 'auto'}, created_at='2025-07-30T16:45:35.548576', updated_at='2025-07-30T18:11:38.505846') = <claudewarp.core.manager.ProxyManager object at 0x00000225C4136190>._config
---------------------------- Captured stderr call -----------------------------
[32m[INFO]  [0m18:11:38:  0 [0m
------------------------------ Captured log call ------------------------------
INFO     claudewarp.core.config:config.py:131  0 
____________ TestProxyManager.test_init_with_custom_config_manager ____________
tests\test_manager.py:63: in test_init_with_custom_config_manager
    manager = ProxyManager(config_manager=config_manager)
              ^^^^^^^^^^^^^^^^^^^^^^^^^^^^^^^^^^^^^^^^^^^
E   TypeError: ProxyManager.__init__() got an unexpected keyword argument 'config_manager'
________ TestProxyManagerErrorHandling.test_config_load_error_handling ________
tests\test_manager.py:636: in test_config_load_error_handling
    manager = ProxyManager(config_manager=mock_config_manager)
              ^^^^^^^^^^^^^^^^^^^^^^^^^^^^^^^^^^^^^^^^^^^^^^^^
E   TypeError: ProxyManager.__init__() got an unexpected keyword argument 'config_manager'
________ TestProxyManagerErrorHandling.test_config_save_error_handling ________
tests\test_manager.py:646: in test_config_save_error_handling
    manager = ProxyManager(config_manager=mock_config_manager)
              ^^^^^^^^^^^^^^^^^^^^^^^^^^^^^^^^^^^^^^^^^^^^^^^^
E   TypeError: ProxyManager.__init__() got an unexpected keyword argument 'config_manager'
________ TestProxyManagerErrorHandling.test_unexpected_error_handling _________
tests\test_manager.py:659: in test_unexpected_error_handling
    manager = ProxyManager(config_manager=mock_config_manager)
              ^^^^^^^^^^^^^^^^^^^^^^^^^^^^^^^^^^^^^^^^^^^^^^^^
E   TypeError: ProxyManager.__init__() got an unexpected keyword argument 'config_manager'
__________________ TestProxyServer.test_valid_proxy_creation __________________
tests\test_models.py:29: in test_valid_proxy_creation
    assert proxy.tags == ["test", "dev"]
E   AssertionError: assert ['dev', 'test'] == ['test', 'dev']
E     
E     At index 0 diff: 'dev' != 'test'
E     Use -v to get more diff
__________ TestProxyServer.test_valid_proxy_creation_with_auth_token __________
tests\test_models.py:36: in test_valid_proxy_creation_with_auth_token
    proxy = ProxyServer(
E   pydantic_core._pydantic_core.ValidationError: 1 validation error for ProxyServer
E   api_key
E     String should have at least 3 characters [type=string_too_short, input_value='', input_type=str]
E       For further information visit https://errors.pydantic.dev/2.11/v/string_too_short
____________________ TestProxyServer.test_invalid_api_key _____________________
tests\test_models.py:86: in test_invalid_api_key
    with pytest.raises(ValueError, match="API10"):
E   Failed: DID NOT RAISE <class 'ValueError'>
________________ TestProxyServer.test_valid_auth_token_formats ________________
tests\test_models.py:102: in test_valid_auth_token_formats
    proxy = ProxyServer(
E   pydantic_core._pydantic_core.ValidationError: 1 validation error for ProxyServer
E   api_key
E     String should have at least 3 characters [type=string_too_short, input_value='', input_type=str]
E       For further information visit https://errors.pydantic.dev/2.11/v/string_too_short
_______________ TestProxyServer.test_invalid_auth_token_formats _______________
tests\test_models.py:115: in test_invalid_auth_token_formats
    ProxyServer(
E   pydantic_core._pydantic_core.ValidationError: 1 validation error for ProxyServer
E   api_key
E     String should have at least 3 characters [type=string_too_short, input_value='', input_type=str]
E       For further information visit https://errors.pydantic.dev/2.11/v/string_too_short

During handling of the above exception, another exception occurred:
tests\test_models.py:114: in test_invalid_auth_token_formats
    with pytest.raises(ValueError, match="Auth10"):
E   AssertionError: Regex pattern did not match.
E    Regex: 'Auth10'
E    Input: "1 validation error for ProxyServer\napi_key\n  String should have at least 3 characters [type=string_too_short, input_value='', input_type=str]\n    For further information visit https://errors.pydantic.dev/2.11/v/string_too_short"
_______ TestProxyServer.test_mutual_exclusivity_api_key_with_auth_token _______
tests\test_models.py:145: in test_mutual_exclusivity_api_key_with_auth_token
    ProxyServer(
E   pydantic_core._pydantic_core.ValidationError: 1 validation error for ProxyServer
E     Value error, api_keyauth_token [type=value_error, input_value={'name': 'test', 'base_ur...api03-abcdef1234567890'}, input_type=dict]
E       For further information visit https://errors.pydantic.dev/2.11/v/value_error

During handling of the above exception, another exception occurred:
tests\test_models.py:144: in test_mutual_exclusivity_api_key_with_auth_token
    with pytest.raises(ValueError, match="api_keyauth_token"):
E   AssertionError: Regex pattern did not match.
E    Regex: 'api_keyauth_token'
E    Input: "1 validation error for ProxyServer\n  Value error, api_keyauth_token [type=value_error, input_value={'name': 'test', 'base_ur...api03-abcdef1234567890'}, input_type=dict]\n    For further information visit https://errors.pydantic.dev/2.11/v/value_error"
_________________ TestProxyServer.test_auth_method_detection __________________
tests\test_models.py:183: in test_auth_method_detection
    proxy_auth = ProxyServer(
E   pydantic_core._pydantic_core.ValidationError: 1 validation error for ProxyServer
E   api_key
E     String should have at least 3 characters [type=string_too_short, input_value='', input_type=str]
E       For further information visit https://errors.pydantic.dev/2.11/v/string_too_short
____________________ TestProxyServer.test_tags_validation _____________________
tests\test_models.py:212: in test_tags_validation
    assert proxy.tags == ["tag1", "tag2", "tag3"]
E   AssertionError: assert ['', 'tag1', 'tag2', 'tag3'] == ['tag1', 'tag2', 'tag3']
E     
E     At index 0 diff: '' != 'tag1'
E     Left contains one more item: 'tag3'
E     Use -v to get more diff
_________________ TestProxyConfig.test_invalid_current_proxy __________________
tests\test_models.py:269: in test_invalid_current_proxy
    with pytest.raises(ValueError, match=".*"):
E   Failed: DID NOT RAISE <class 'ValueError'>
============================== warnings summary ===============================
C:\Users\ChronWang\.conda\envs\cwnev\Lib\site-packages\pydantic\_internal\_config.py:323
C:\Users\ChronWang\.conda\envs\cwnev\Lib\site-packages\pydantic\_internal\_config.py:323
C:\Users\ChronWang\.conda\envs\cwnev\Lib\site-packages\pydantic\_internal\_config.py:323
  C:\Users\ChronWang\.conda\envs\cwnev\Lib\site-packages\pydantic\_internal\_config.py:323: PydanticDeprecatedSince20: Support for class-based `config` is deprecated, use ConfigDict instead. Deprecated in Pydantic V2.0 to be removed in V3.0. See Pydantic V2 Migration Guide at https://errors.pydantic.dev/2.11/migration/
    warnings.warn(DEPRECATION_MESSAGE, DeprecationWarning)

tests/test_config.py::TestConfigManager::test_save_config_valid
tests/test_config.py::TestConfigManager::test_serialize_config
  D:\project\claudewarp\claudewarp\core\config.py:310: PydanticDeprecatedSince20: The `dict` method is deprecated; use `model_dump` instead. Deprecated in Pydantic V2.0 to be removed in V3.0. See Pydantic V2 Migration Guide at https://errors.pydantic.dev/2.11/migration/
    data["proxies"][name] = proxy.dict()

tests/test_models.py::TestProxyServer::test_proxy_serialization
  D:\project\claudewarp\tests\test_models.py:223: PydanticDeprecatedSince20: The `dict` method is deprecated; use `model_dump` instead. Deprecated in Pydantic V2.0 to be removed in V3.0. See Pydantic V2 Migration Guide at https://errors.pydantic.dev/2.11/migration/
    data = proxy.dict()

tests/test_models.py::TestExportFormat::test_export_format_serialization
  D:\project\claudewarp\tests\test_models.py:401: PydanticDeprecatedSince20: The `dict` method is deprecated; use `model_dump` instead. Deprecated in Pydantic V2.0 to be removed in V3.0. See Pydantic V2 Migration Guide at https://errors.pydantic.dev/2.11/migration/
    data = export_format.dict()

tests/test_models.py::TestModelInteraction::test_config_with_real_proxies
  D:\project\claudewarp\tests\test_models.py:450: PydanticDeprecatedSince20: The `dict` method is deprecated; use `model_dump` instead. Deprecated in Pydantic V2.0 to be removed in V3.0. See Pydantic V2 Migration Guide at https://errors.pydantic.dev/2.11/migration/
    data = config.dict()

-- Docs: https://docs.pytest.org/en/stable/how-to/capture-warnings.html
=========================== short test summary info ===========================
FAILED tests/test_cli.py::TestCLIFormatters::test_format_proxy_table - Assert...
FAILED tests/test_cli.py::TestCLIFormatters::test_format_proxy_info - Asserti...
FAILED tests/test_cli.py::TestCLIFormatters::test_format_proxy_info_simple - ...
FAILED tests/test_cli.py::TestCLIMain::test_main_success - AttributeError: <m...
FAILED tests/test_cli.py::TestCLIMain::test_main_keyboard_interrupt - Attribu...
FAILED tests/test_cli.py::TestCLIMain::test_main_exception - AttributeError: ...
FAILED tests/test_cli.py::TestAdditionalCLICommands::test_export_command_invalid_shell
FAILED tests/test_cli.py::TestAdditionalCLICommands::test_list_command_with_long_url
FAILED tests/test_cli.py::TestAdditionalCLICommands::test_add_command_validation_errors
FAILED tests/test_config.py::TestConfigManager::test_save_config_invalid - py...
FAILED tests/test_config.py::TestConfigManager::test_validate_config_invalid_current_proxy
FAILED tests/test_config.py::TestConfigManagerErrorHandling::test_permission_error_handling
FAILED tests/test_integration.py::TestApplicationIntegration::test_configuration_persistence
FAILED tests/test_integration.py::TestApplicationIntegration::test_concurrent_operations_safety
FAILED tests/test_integration.py::TestMainEntryPoints::test_main_py_structure
FAILED tests/test_manager.py::TestProxyManager::test_init_with_default_config_manager
FAILED tests/test_manager.py::TestProxyManager::test_init_with_custom_config_manager
FAILED tests/test_manager.py::TestProxyManagerErrorHandling::test_config_load_error_handling
FAILED tests/test_manager.py::TestProxyManagerErrorHandling::test_config_save_error_handling
FAILED tests/test_manager.py::TestProxyManagerErrorHandling::test_unexpected_error_handling
FAILED tests/test_models.py::TestProxyServer::test_valid_proxy_creation - Ass...
FAILED tests/test_models.py::TestProxyServer::test_valid_proxy_creation_with_auth_token
FAILED tests/test_models.py::TestProxyServer::test_invalid_api_key - Failed: ...
FAILED tests/test_models.py::TestProxyServer::test_valid_auth_token_formats
FAILED tests/test_models.py::TestProxyServer::test_invalid_auth_token_formats
FAILED tests/test_models.py::TestProxyServer::test_mutual_exclusivity_api_key_with_auth_token
FAILED tests/test_models.py::TestProxyServer::test_auth_method_detection - py...
FAILED tests/test_models.py::TestProxyServer::test_tags_validation - Assertio...
FAILED tests/test_models.py::TestProxyConfig::test_invalid_current_proxy - Fa...
ERROR tests/test_cli.py::TestAddCommand::test_add_command_interactive_success
ERROR tests/test_cli.py::TestAddCommand::test_add_command_non_interactive_success
ERROR tests/test_cli.py::TestAddCommand::test_add_command_missing_required_args
ERROR tests/test_cli.py::TestAddCommand::test_add_command_duplicate_proxy
ERROR tests/test_cli.py::TestAddCommand::test_add_command_validation_error
ERROR tests/test_cli.py::TestListCommand::test_list_command_with_proxies
ERROR tests/test_cli.py::TestListCommand::test_list_command_empty
ERROR tests/test_cli.py::TestListCommand::test_list_command_json_format
ERROR tests/test_cli.py::TestListCommand::test_list_command_simple_format
ERROR tests/test_cli.py::TestListCommand::test_list_command_search
ERROR tests/test_cli.py::TestUseCommand::test_use_command_success
ERROR tests/test_cli.py::TestUseCommand::test_use_command_proxy_not_found
ERROR tests/test_cli.py::TestUseCommand::test_use_command_inactive_proxy
ERROR tests/test_cli.py::TestCurrentCommand::test_current_command_with_proxy
ERROR tests/test_cli.py::TestCurrentCommand::test_current_command_no_proxy
ERROR tests/test_cli.py::TestRemoveCommand::test_remove_command_success
ERROR tests/test_cli.py::TestRemoveCommand::test_remove_command_cancelled
ERROR tests/test_cli.py::TestRemoveCommand::test_remove_command_force
ERROR tests/test_cli.py::TestRemoveCommand::test_remove_command_proxy_not_found
ERROR tests/test_cli.py::TestExportCommand::test_export_command_bash
ERROR tests/test_cli.py::TestExportCommand::test_export_command_fish
ERROR tests/test_cli.py::TestExportCommand::test_export_command_powershell
ERROR tests/test_cli.py::TestExportCommand::test_export_command_no_comments
ERROR tests/test_cli.py::TestExportCommand::test_export_command_custom_prefix
ERROR tests/test_cli.py::TestExportCommand::test_export_command_to_file
ERROR tests/test_cli.py::TestExportCommand::test_export_command_no_current_proxy
ERROR tests/test_cli.py::TestInfoCommand::test_info_command_proxy_details
ERROR tests/test_cli.py::TestInfoCommand::test_info_command_statistics
ERROR tests/test_cli.py::TestEditCommand::test_edit_command_success
ERROR tests/test_cli.py::TestEditCommand::test_edit_command_no_changes
ERROR tests/test_cli.py::TestEditCommand::test_edit_command_with_rename
ERROR tests/test_cli.py::TestEditCommand::test_edit_command_interactive
ERROR tests/test_cli.py::TestSearchCommand::test_search_command_with_results
ERROR tests/test_cli.py::TestSearchCommand::test_search_command_no_results
ERROR tests/test_cli.py::TestSearchCommand::test_search_command_custom_fields
ERROR tests/test_cli.py::TestCLIErrorHandling::test_get_proxy_manager_failure
ERROR tests/test_cli.py::TestCLIErrorHandling::test_keyboard_interrupt_handling
ERROR tests/test_cli.py::TestCLIErrorHandling::test_config_error_handling
ERROR tests/test_cli.py::TestCLIErrorHandling::test_network_error_handling
ERROR tests/test_cli.py::TestCLIIntegration::test_full_workflow
ERROR tests/test_cli.py::TestApplyCommand::test_apply_command_success
ERROR tests/test_cli.py::TestApplyCommand::test_apply_command_current_proxy
ERROR tests/test_cli.py::TestApplyCommand::test_apply_command_failure
ERROR tests/test_cli.py::TestApplyCommand::test_apply_command_no_current_proxy
ERROR tests/test_cli.py::TestValidateCommand::test_validate_command_success
ERROR tests/test_cli.py::TestValidateCommand::test_validate_command_failure
ERROR tests/test_cli.py::TestValidateCommand::test_validate_command_all_proxies
ERROR tests/test_cli.py::TestValidateCommand::test_validate_command_proxy_not_found
ERROR tests/test_cli.py::TestStatusCommand::test_status_command_success
ERROR tests/test_cli.py::TestStatusCommand::test_status_command_detailed
ERROR tests/test_cli.py::TestStatusCommand::test_status_command_json_format
ERROR tests/test_cli.py::TestConfigCommand::test_config_get_command
ERROR tests/test_cli.py::TestConfigCommand::test_config_set_command
ERROR tests/test_cli.py::TestConfigCommand::test_config_list_command
ERROR tests/test_cli.py::TestTagCommand::test_tag_list_command
ERROR tests/test_cli.py::TestTagCommand::test_tag_add_command
ERROR tests/test_cli.py::TestTagCommand::test_tag_remove_command
ERROR tests/test_cli.py::TestTagCommand::test_tag_search_command
ERROR tests/test_cli.py::TestBackupCommand::test_backup_create_command
ERROR tests/test_cli.py::TestBackupCommand::test_backup_restore_command
ERROR tests/test_cli.py::TestBackupCommand::test_backup_list_command
ERROR tests/test_cli.py::TestImportExportCommand::test_import_from_file
ERROR tests/test_cli.py::TestImportExportCommand::test_export_to_file
ERROR tests/test_cli.py::TestImportExportCommand::test_import_merge_strategy
ERROR tests/test_cli.py::TestVerboseLogging::test_verbose_flag_enables_debug_logging
ERROR tests/test_cli.py::TestVerboseLogging::test_quiet_flag_reduces_output
ERROR tests/test_cli.py::TestHelpAndVersion::test_help_command
ERROR tests/test_cli.py::TestHelpAndVersion::test_version_command
ERROR tests/test_cli.py::TestHelpAndVersion::test_command_specific_help
ERROR tests/test_cli.py::TestShellCompletion::test_bash_completion
ERROR tests/test_cli.py::TestShellCompletion::test_fish_completion
ERROR tests/test_cli.py::TestErrorRecovery::test_corrupted_config_recovery
ERROR tests/test_cli.py::TestErrorRecovery::test_network_timeout_handling
ERROR tests/test_cli.py::TestErrorRecovery::test_permission_denied_handling
ERROR tests/test_cli.py::TestPerformanceOptimizations::test_large_proxy_list_performance
ERROR tests/test_cli.py::TestPerformanceOptimizations::test_pagination_for_large_lists
ERROR tests/test_cli.py::TestEdgeCases::test_empty_proxy_name
ERROR tests/test_cli.py::TestEdgeCases::test_very_long_proxy_name
ERROR tests/test_cli.py::TestEdgeCases::test_special_characters_in_name
ERROR tests/test_cli.py::TestEdgeCases::test_unicode_in_description
ERROR tests/test_cli.py::TestConcurrency::test_concurrent_proxy_operations
ERROR tests/test_cli.py::TestConcurrency::test_file_locking_behavior
ERROR tests/test_config.py::TestConfigManagerBackup::test_backup_creation
ERROR tests/test_config.py::TestConfigManagerBackup::test_get_backup_files
ERROR tests/test_config.py::TestConfigManagerBackup::test_cleanup_old_backups
ERROR tests/test_config.py::TestConfigManagerBackup::test_get_config_info
ERROR tests/test_config.py::TestConfigManagerMigration::test_migrate_config_no_file
ERROR tests/test_config.py::TestConfigManagerMigration::test_migrate_config_same_version
ERROR tests/test_config.py::TestConfigManagerMigration::test_perform_migration_current_version
ERROR tests/test_config.py::TestConfigManagerMigration::test_perform_migration_unsupported_version
ERROR tests/test_config.py::TestConfigManagerErrorHandling::test_load_config_permission_error
ERROR tests/test_config.py::TestConfigManagerErrorHandling::test_save_config_permission_error
ERROR tests/test_integration.py::TestApplicationIntegration::test_end_to_end_proxy_management
ERROR tests/test_integration.py::TestApplicationIntegration::test_error_recovery_and_validation
ERROR tests/test_integration.py::TestApplicationIntegration::test_statistics_and_monitoring
ERROR tests/test_integration.py::TestApplicationIntegration::test_export_functionality_comprehensive
ERROR tests/test_integration.py::TestPerformanceRequirements::test_config_load_performance
ERROR tests/test_integration.py::TestPerformanceRequirements::test_proxy_switch_performance
ERROR tests/test_integration.py::TestFullApplicationWorkflow::test_complete_user_workflow
ERROR tests/test_manager.py::TestProxyManager::test_config_property_lazy_loading
ERROR tests/test_manager.py::TestProxyManager::test_refresh_config - TypeErro...
ERROR tests/test_manager.py::TestProxyManager::test_add_proxy_success - TypeE...
ERROR tests/test_manager.py::TestProxyManager::test_add_proxy_duplicate - Typ...
ERROR tests/test_manager.py::TestProxyManager::test_add_proxy_invalid - TypeE...
ERROR tests/test_manager.py::TestProxyManager::test_remove_proxy_success - Ty...
ERROR tests/test_manager.py::TestProxyManager::test_remove_proxy_not_found - ...
ERROR tests/test_manager.py::TestProxyManager::test_remove_current_proxy_with_others
ERROR tests/test_manager.py::TestProxyManager::test_switch_proxy_success - Ty...
ERROR tests/test_manager.py::TestProxyManager::test_switch_proxy_not_found - ...
ERROR tests/test_manager.py::TestProxyManager::test_switch_proxy_inactive - T...
ERROR tests/test_manager.py::TestProxyManager::test_get_current_proxy_exists
ERROR tests/test_manager.py::TestProxyManager::test_get_current_proxy_none - ...
ERROR tests/test_manager.py::TestProxyManager::test_get_proxy_success - TypeE...
ERROR tests/test_manager.py::TestProxyManager::test_get_proxy_not_found - Typ...
ERROR tests/test_manager.py::TestProxyManager::test_list_proxies_include_inactive
ERROR tests/test_manager.py::TestProxyManager::test_list_proxies_exclude_inactive
ERROR tests/test_manager.py::TestProxyManager::test_get_proxy_names - TypeErr...
ERROR tests/test_manager.py::TestProxyManager::test_update_proxy_success - Ty...
ERROR tests/test_manager.py::TestProxyManager::test_update_proxy_name_change
ERROR tests/test_manager.py::TestProxyManager::test_update_proxy_name_conflict
ERROR tests/test_manager.py::TestProxyManager::test_update_proxy_not_found - ...
ERROR tests/test_manager.py::TestProxyManager::test_toggle_proxy_status - Typ...
ERROR tests/test_manager.py::TestProxyManager::test_search_proxies_by_name - ...
ERROR tests/test_manager.py::TestProxyManager::test_search_proxies_by_description
ERROR tests/test_manager.py::TestProxyManager::test_search_proxies_by_tags - ...
ERROR tests/test_manager.py::TestProxyManager::test_search_proxies_custom_fields
ERROR tests/test_manager.py::TestProxyManager::test_get_statistics - TypeErro...
ERROR tests/test_manager.py::TestProxyManager::test_validate_proxy_connection_valid
ERROR tests/test_manager.py::TestProxyManager::test_validate_proxy_connection_invalid_url
ERROR tests/test_manager.py::TestProxyManager::test_validate_proxy_connection_not_found
ERROR tests/test_manager.py::TestProxyManager::test_backup_config - TypeError...
ERROR tests/test_manager.py::TestProxyManager::test_get_proxy_count - TypeErr...
ERROR tests/test_manager.py::TestProxyManager::test_has_proxies - TypeError: ...
ERROR tests/test_manager.py::TestProxyManager::test_has_current_proxy - TypeE...
ERROR tests/test_manager.py::TestProxyManagerExport::test_export_environment_bash_default
ERROR tests/test_manager.py::TestProxyManagerExport::test_export_environment_bash_custom_format
ERROR tests/test_manager.py::TestProxyManagerExport::test_export_environment_fish
ERROR tests/test_manager.py::TestProxyManagerExport::test_export_environment_powershell
ERROR tests/test_manager.py::TestProxyManagerExport::test_export_environment_zsh
ERROR tests/test_manager.py::TestProxyManagerExport::test_export_environment_unsupported_shell
ERROR tests/test_manager.py::TestProxyManagerExport::test_export_environment_specific_proxy
ERROR tests/test_manager.py::TestProxyManagerExport::test_export_environment_no_current_proxy
ERROR tests/test_manager.py::TestProxyManagerExport::test_export_environment_proxy_not_found
ERROR tests/test_manager.py::TestBuiltinProxies::test_cannot_add_reserved_name
ERROR tests/test_manager.py::TestBuiltinProxies::test_get_builtin_proxy
ERROR tests/test_manager.py::TestBuiltinProxies::test_list_proxies_includes_builtin
ERROR tests/test_manager.py::TestBuiltinProxies::test_switch_to_no_proxy
ERROR tests/test_manager.py::TestBuiltinProxies::test_clear_claude_code_config_called
ERROR tests/test_manager.py::TestBuiltinProxies::test_clear_claude_code_config_method
====== 29 failed, 45 passed, 3 skipped, 8 warnings, 149 errors in 1.88s =======
